ARM GAS  C:\Users\DWISET~1\AppData\Local\Temp\ccMNL877.s 			page 1


   1              		.syntax unified
   2              		.cpu cortex-m0plus
   3              		.fpu softvfp
   4              		.eabi_attribute 20, 1
   5              		.eabi_attribute 21, 1
   6              		.eabi_attribute 23, 3
   7              		.eabi_attribute 24, 1
   8              		.eabi_attribute 25, 1
   9              		.eabi_attribute 26, 1
  10              		.eabi_attribute 30, 1
  11              		.eabi_attribute 34, 0
  12              		.eabi_attribute 18, 4
  13              		.thumb
  14              		.syntax unified
  15              		.file	"main_cm0p.c"
  16              		.text
  17              	.Ltext0:
  18              		.cfi_sections	.debug_frame
  19              		.section	.text.main,"ax",%progbits
  20              		.align	2
  21              		.global	main
  22              		.code	16
  23              		.thumb_func
  24              		.type	main, %function
  25              	main:
  26              	.LFB420:
  27              		.file 1 "main_cm0p.c"
   1:main_cm0p.c   **** /* ========================================
   2:main_cm0p.c   ****  *
   3:main_cm0p.c   ****  * Copyright YOUR COMPANY, THE YEAR
   4:main_cm0p.c   ****  * All Rights Reserved
   5:main_cm0p.c   ****  * UNPUBLISHED, LICENSED SOFTWARE.
   6:main_cm0p.c   ****  *
   7:main_cm0p.c   ****  * CONFIDENTIAL AND PROPRIETARY INFORMATION
   8:main_cm0p.c   ****  * WHICH IS THE PROPERTY OF your company.
   9:main_cm0p.c   ****  *
  10:main_cm0p.c   ****  * ========================================
  11:main_cm0p.c   **** */
  12:main_cm0p.c   **** #include "project.h"
  13:main_cm0p.c   **** 
  14:main_cm0p.c   **** int main(void)
  15:main_cm0p.c   **** {
  28              		.loc 1 15 0
  29              		.cfi_startproc
  30              		@ Volatile: function does not return.
  31              		@ args = 0, pretend = 0, frame = 0
  32              		@ frame_needed = 0, uses_anonymous_args = 0
  33 0000 10B5     		push	{r4, lr}
  34              		.cfi_def_cfa_offset 8
  35              		.cfi_offset 4, -8
  36              		.cfi_offset 14, -4
  37              	.LBB4:
  38              	.LBB5:
  39              		.file 2 "Generated_Source\\PSoC6\\pdl\\cmsis/include/cmsis_gcc.h"
   1:Generated_Source\PSoC6\pdl\cmsis/include/cmsis_gcc.h **** /**************************************************************************//**
   2:Generated_Source\PSoC6\pdl\cmsis/include/cmsis_gcc.h ****  * @file     cmsis_gcc.h
   3:Generated_Source\PSoC6\pdl\cmsis/include/cmsis_gcc.h ****  * @brief    CMSIS compiler GCC header file
ARM GAS  C:\Users\DWISET~1\AppData\Local\Temp\ccMNL877.s 			page 2


   4:Generated_Source\PSoC6\pdl\cmsis/include/cmsis_gcc.h ****  * @version  V5.0.3
   5:Generated_Source\PSoC6\pdl\cmsis/include/cmsis_gcc.h ****  * @date     16. January 2018
   6:Generated_Source\PSoC6\pdl\cmsis/include/cmsis_gcc.h ****  ******************************************************************************/
   7:Generated_Source\PSoC6\pdl\cmsis/include/cmsis_gcc.h **** /*
   8:Generated_Source\PSoC6\pdl\cmsis/include/cmsis_gcc.h ****  * Copyright (c) 2009-2017 ARM Limited. All rights reserved.
   9:Generated_Source\PSoC6\pdl\cmsis/include/cmsis_gcc.h ****  *
  10:Generated_Source\PSoC6\pdl\cmsis/include/cmsis_gcc.h ****  * SPDX-License-Identifier: Apache-2.0
  11:Generated_Source\PSoC6\pdl\cmsis/include/cmsis_gcc.h ****  *
  12:Generated_Source\PSoC6\pdl\cmsis/include/cmsis_gcc.h ****  * Licensed under the Apache License, Version 2.0 (the License); you may
  13:Generated_Source\PSoC6\pdl\cmsis/include/cmsis_gcc.h ****  * not use this file except in compliance with the License.
  14:Generated_Source\PSoC6\pdl\cmsis/include/cmsis_gcc.h ****  * You may obtain a copy of the License at
  15:Generated_Source\PSoC6\pdl\cmsis/include/cmsis_gcc.h ****  *
  16:Generated_Source\PSoC6\pdl\cmsis/include/cmsis_gcc.h ****  * www.apache.org/licenses/LICENSE-2.0
  17:Generated_Source\PSoC6\pdl\cmsis/include/cmsis_gcc.h ****  *
  18:Generated_Source\PSoC6\pdl\cmsis/include/cmsis_gcc.h ****  * Unless required by applicable law or agreed to in writing, software
  19:Generated_Source\PSoC6\pdl\cmsis/include/cmsis_gcc.h ****  * distributed under the License is distributed on an AS IS BASIS, WITHOUT
  20:Generated_Source\PSoC6\pdl\cmsis/include/cmsis_gcc.h ****  * WARRANTIES OR CONDITIONS OF ANY KIND, either express or implied.
  21:Generated_Source\PSoC6\pdl\cmsis/include/cmsis_gcc.h ****  * See the License for the specific language governing permissions and
  22:Generated_Source\PSoC6\pdl\cmsis/include/cmsis_gcc.h ****  * limitations under the License.
  23:Generated_Source\PSoC6\pdl\cmsis/include/cmsis_gcc.h ****  */
  24:Generated_Source\PSoC6\pdl\cmsis/include/cmsis_gcc.h **** 
  25:Generated_Source\PSoC6\pdl\cmsis/include/cmsis_gcc.h **** #ifndef __CMSIS_GCC_H
  26:Generated_Source\PSoC6\pdl\cmsis/include/cmsis_gcc.h **** #define __CMSIS_GCC_H
  27:Generated_Source\PSoC6\pdl\cmsis/include/cmsis_gcc.h **** 
  28:Generated_Source\PSoC6\pdl\cmsis/include/cmsis_gcc.h **** /* ignore some GCC warnings */
  29:Generated_Source\PSoC6\pdl\cmsis/include/cmsis_gcc.h **** #pragma GCC diagnostic push
  30:Generated_Source\PSoC6\pdl\cmsis/include/cmsis_gcc.h **** #pragma GCC diagnostic ignored "-Wsign-conversion"
  31:Generated_Source\PSoC6\pdl\cmsis/include/cmsis_gcc.h **** #pragma GCC diagnostic ignored "-Wconversion"
  32:Generated_Source\PSoC6\pdl\cmsis/include/cmsis_gcc.h **** #pragma GCC diagnostic ignored "-Wunused-parameter"
  33:Generated_Source\PSoC6\pdl\cmsis/include/cmsis_gcc.h **** 
  34:Generated_Source\PSoC6\pdl\cmsis/include/cmsis_gcc.h **** /* Fallback for __has_builtin */
  35:Generated_Source\PSoC6\pdl\cmsis/include/cmsis_gcc.h **** #ifndef __has_builtin
  36:Generated_Source\PSoC6\pdl\cmsis/include/cmsis_gcc.h ****   #define __has_builtin(x) (0)
  37:Generated_Source\PSoC6\pdl\cmsis/include/cmsis_gcc.h **** #endif
  38:Generated_Source\PSoC6\pdl\cmsis/include/cmsis_gcc.h **** 
  39:Generated_Source\PSoC6\pdl\cmsis/include/cmsis_gcc.h **** /* CMSIS compiler specific defines */
  40:Generated_Source\PSoC6\pdl\cmsis/include/cmsis_gcc.h **** #ifndef   __ASM
  41:Generated_Source\PSoC6\pdl\cmsis/include/cmsis_gcc.h ****   #define __ASM                                  __asm
  42:Generated_Source\PSoC6\pdl\cmsis/include/cmsis_gcc.h **** #endif
  43:Generated_Source\PSoC6\pdl\cmsis/include/cmsis_gcc.h **** #ifndef   __INLINE
  44:Generated_Source\PSoC6\pdl\cmsis/include/cmsis_gcc.h ****   #define __INLINE                               inline
  45:Generated_Source\PSoC6\pdl\cmsis/include/cmsis_gcc.h **** #endif
  46:Generated_Source\PSoC6\pdl\cmsis/include/cmsis_gcc.h **** #ifndef   __STATIC_INLINE
  47:Generated_Source\PSoC6\pdl\cmsis/include/cmsis_gcc.h ****   #define __STATIC_INLINE                        static inline
  48:Generated_Source\PSoC6\pdl\cmsis/include/cmsis_gcc.h **** #endif
  49:Generated_Source\PSoC6\pdl\cmsis/include/cmsis_gcc.h **** #ifndef   __STATIC_FORCEINLINE                 
  50:Generated_Source\PSoC6\pdl\cmsis/include/cmsis_gcc.h ****   #define __STATIC_FORCEINLINE                   __attribute__((always_inline)) static inline
  51:Generated_Source\PSoC6\pdl\cmsis/include/cmsis_gcc.h **** #endif                                           
  52:Generated_Source\PSoC6\pdl\cmsis/include/cmsis_gcc.h **** #ifndef   __NO_RETURN
  53:Generated_Source\PSoC6\pdl\cmsis/include/cmsis_gcc.h ****   #define __NO_RETURN                            __attribute__((__noreturn__))
  54:Generated_Source\PSoC6\pdl\cmsis/include/cmsis_gcc.h **** #endif
  55:Generated_Source\PSoC6\pdl\cmsis/include/cmsis_gcc.h **** #ifndef   __USED
  56:Generated_Source\PSoC6\pdl\cmsis/include/cmsis_gcc.h ****   #define __USED                                 __attribute__((used))
  57:Generated_Source\PSoC6\pdl\cmsis/include/cmsis_gcc.h **** #endif
  58:Generated_Source\PSoC6\pdl\cmsis/include/cmsis_gcc.h **** #ifndef   __WEAK
  59:Generated_Source\PSoC6\pdl\cmsis/include/cmsis_gcc.h ****   #define __WEAK                                 __attribute__((weak))
  60:Generated_Source\PSoC6\pdl\cmsis/include/cmsis_gcc.h **** #endif
ARM GAS  C:\Users\DWISET~1\AppData\Local\Temp\ccMNL877.s 			page 3


  61:Generated_Source\PSoC6\pdl\cmsis/include/cmsis_gcc.h **** #ifndef   __PACKED
  62:Generated_Source\PSoC6\pdl\cmsis/include/cmsis_gcc.h ****   #define __PACKED                               __attribute__((packed, aligned(1)))
  63:Generated_Source\PSoC6\pdl\cmsis/include/cmsis_gcc.h **** #endif
  64:Generated_Source\PSoC6\pdl\cmsis/include/cmsis_gcc.h **** #ifndef   __PACKED_STRUCT
  65:Generated_Source\PSoC6\pdl\cmsis/include/cmsis_gcc.h ****   #define __PACKED_STRUCT                        struct __attribute__((packed, aligned(1)))
  66:Generated_Source\PSoC6\pdl\cmsis/include/cmsis_gcc.h **** #endif
  67:Generated_Source\PSoC6\pdl\cmsis/include/cmsis_gcc.h **** #ifndef   __PACKED_UNION
  68:Generated_Source\PSoC6\pdl\cmsis/include/cmsis_gcc.h ****   #define __PACKED_UNION                         union __attribute__((packed, aligned(1)))
  69:Generated_Source\PSoC6\pdl\cmsis/include/cmsis_gcc.h **** #endif
  70:Generated_Source\PSoC6\pdl\cmsis/include/cmsis_gcc.h **** #ifndef   __UNALIGNED_UINT32        /* deprecated */
  71:Generated_Source\PSoC6\pdl\cmsis/include/cmsis_gcc.h ****   #pragma GCC diagnostic push
  72:Generated_Source\PSoC6\pdl\cmsis/include/cmsis_gcc.h ****   #pragma GCC diagnostic ignored "-Wpacked"
  73:Generated_Source\PSoC6\pdl\cmsis/include/cmsis_gcc.h ****   #pragma GCC diagnostic ignored "-Wattributes"
  74:Generated_Source\PSoC6\pdl\cmsis/include/cmsis_gcc.h ****   struct __attribute__((packed)) T_UINT32 { uint32_t v; };
  75:Generated_Source\PSoC6\pdl\cmsis/include/cmsis_gcc.h ****   #pragma GCC diagnostic pop
  76:Generated_Source\PSoC6\pdl\cmsis/include/cmsis_gcc.h ****   #define __UNALIGNED_UINT32(x)                  (((struct T_UINT32 *)(x))->v)
  77:Generated_Source\PSoC6\pdl\cmsis/include/cmsis_gcc.h **** #endif
  78:Generated_Source\PSoC6\pdl\cmsis/include/cmsis_gcc.h **** #ifndef   __UNALIGNED_UINT16_WRITE
  79:Generated_Source\PSoC6\pdl\cmsis/include/cmsis_gcc.h ****   #pragma GCC diagnostic push
  80:Generated_Source\PSoC6\pdl\cmsis/include/cmsis_gcc.h ****   #pragma GCC diagnostic ignored "-Wpacked"
  81:Generated_Source\PSoC6\pdl\cmsis/include/cmsis_gcc.h ****   #pragma GCC diagnostic ignored "-Wattributes"
  82:Generated_Source\PSoC6\pdl\cmsis/include/cmsis_gcc.h ****   __PACKED_STRUCT T_UINT16_WRITE { uint16_t v; };
  83:Generated_Source\PSoC6\pdl\cmsis/include/cmsis_gcc.h ****   #pragma GCC diagnostic pop
  84:Generated_Source\PSoC6\pdl\cmsis/include/cmsis_gcc.h ****   #define __UNALIGNED_UINT16_WRITE(addr, val)    (void)((((struct T_UINT16_WRITE *)(void *)(addr))-
  85:Generated_Source\PSoC6\pdl\cmsis/include/cmsis_gcc.h **** #endif
  86:Generated_Source\PSoC6\pdl\cmsis/include/cmsis_gcc.h **** #ifndef   __UNALIGNED_UINT16_READ
  87:Generated_Source\PSoC6\pdl\cmsis/include/cmsis_gcc.h ****   #pragma GCC diagnostic push
  88:Generated_Source\PSoC6\pdl\cmsis/include/cmsis_gcc.h ****   #pragma GCC diagnostic ignored "-Wpacked"
  89:Generated_Source\PSoC6\pdl\cmsis/include/cmsis_gcc.h ****   #pragma GCC diagnostic ignored "-Wattributes"
  90:Generated_Source\PSoC6\pdl\cmsis/include/cmsis_gcc.h ****   __PACKED_STRUCT T_UINT16_READ { uint16_t v; };
  91:Generated_Source\PSoC6\pdl\cmsis/include/cmsis_gcc.h ****   #pragma GCC diagnostic pop
  92:Generated_Source\PSoC6\pdl\cmsis/include/cmsis_gcc.h ****   #define __UNALIGNED_UINT16_READ(addr)          (((const struct T_UINT16_READ *)(const void *)(add
  93:Generated_Source\PSoC6\pdl\cmsis/include/cmsis_gcc.h **** #endif
  94:Generated_Source\PSoC6\pdl\cmsis/include/cmsis_gcc.h **** #ifndef   __UNALIGNED_UINT32_WRITE
  95:Generated_Source\PSoC6\pdl\cmsis/include/cmsis_gcc.h ****   #pragma GCC diagnostic push
  96:Generated_Source\PSoC6\pdl\cmsis/include/cmsis_gcc.h ****   #pragma GCC diagnostic ignored "-Wpacked"
  97:Generated_Source\PSoC6\pdl\cmsis/include/cmsis_gcc.h ****   #pragma GCC diagnostic ignored "-Wattributes"
  98:Generated_Source\PSoC6\pdl\cmsis/include/cmsis_gcc.h ****   __PACKED_STRUCT T_UINT32_WRITE { uint32_t v; };
  99:Generated_Source\PSoC6\pdl\cmsis/include/cmsis_gcc.h ****   #pragma GCC diagnostic pop
 100:Generated_Source\PSoC6\pdl\cmsis/include/cmsis_gcc.h ****   #define __UNALIGNED_UINT32_WRITE(addr, val)    (void)((((struct T_UINT32_WRITE *)(void *)(addr))-
 101:Generated_Source\PSoC6\pdl\cmsis/include/cmsis_gcc.h **** #endif
 102:Generated_Source\PSoC6\pdl\cmsis/include/cmsis_gcc.h **** #ifndef   __UNALIGNED_UINT32_READ
 103:Generated_Source\PSoC6\pdl\cmsis/include/cmsis_gcc.h ****   #pragma GCC diagnostic push
 104:Generated_Source\PSoC6\pdl\cmsis/include/cmsis_gcc.h ****   #pragma GCC diagnostic ignored "-Wpacked"
 105:Generated_Source\PSoC6\pdl\cmsis/include/cmsis_gcc.h ****   #pragma GCC diagnostic ignored "-Wattributes"
 106:Generated_Source\PSoC6\pdl\cmsis/include/cmsis_gcc.h ****   __PACKED_STRUCT T_UINT32_READ { uint32_t v; };
 107:Generated_Source\PSoC6\pdl\cmsis/include/cmsis_gcc.h ****   #pragma GCC diagnostic pop
 108:Generated_Source\PSoC6\pdl\cmsis/include/cmsis_gcc.h ****   #define __UNALIGNED_UINT32_READ(addr)          (((const struct T_UINT32_READ *)(const void *)(add
 109:Generated_Source\PSoC6\pdl\cmsis/include/cmsis_gcc.h **** #endif
 110:Generated_Source\PSoC6\pdl\cmsis/include/cmsis_gcc.h **** #ifndef   __ALIGNED
 111:Generated_Source\PSoC6\pdl\cmsis/include/cmsis_gcc.h ****   #define __ALIGNED(x)                           __attribute__((aligned(x)))
 112:Generated_Source\PSoC6\pdl\cmsis/include/cmsis_gcc.h **** #endif
 113:Generated_Source\PSoC6\pdl\cmsis/include/cmsis_gcc.h **** #ifndef   __RESTRICT
 114:Generated_Source\PSoC6\pdl\cmsis/include/cmsis_gcc.h ****   #define __RESTRICT                             __restrict
 115:Generated_Source\PSoC6\pdl\cmsis/include/cmsis_gcc.h **** #endif
 116:Generated_Source\PSoC6\pdl\cmsis/include/cmsis_gcc.h **** 
 117:Generated_Source\PSoC6\pdl\cmsis/include/cmsis_gcc.h **** 
ARM GAS  C:\Users\DWISET~1\AppData\Local\Temp\ccMNL877.s 			page 4


 118:Generated_Source\PSoC6\pdl\cmsis/include/cmsis_gcc.h **** /* ###########################  Core Function Access  ########################### */
 119:Generated_Source\PSoC6\pdl\cmsis/include/cmsis_gcc.h **** /** \ingroup  CMSIS_Core_FunctionInterface
 120:Generated_Source\PSoC6\pdl\cmsis/include/cmsis_gcc.h ****     \defgroup CMSIS_Core_RegAccFunctions CMSIS Core Register Access Functions
 121:Generated_Source\PSoC6\pdl\cmsis/include/cmsis_gcc.h ****   @{
 122:Generated_Source\PSoC6\pdl\cmsis/include/cmsis_gcc.h ****  */
 123:Generated_Source\PSoC6\pdl\cmsis/include/cmsis_gcc.h **** 
 124:Generated_Source\PSoC6\pdl\cmsis/include/cmsis_gcc.h **** /**
 125:Generated_Source\PSoC6\pdl\cmsis/include/cmsis_gcc.h ****   \brief   Enable IRQ Interrupts
 126:Generated_Source\PSoC6\pdl\cmsis/include/cmsis_gcc.h ****   \details Enables IRQ interrupts by clearing the I-bit in the CPSR.
 127:Generated_Source\PSoC6\pdl\cmsis/include/cmsis_gcc.h ****            Can only be executed in Privileged modes.
 128:Generated_Source\PSoC6\pdl\cmsis/include/cmsis_gcc.h ****  */
 129:Generated_Source\PSoC6\pdl\cmsis/include/cmsis_gcc.h **** __STATIC_FORCEINLINE void __enable_irq(void)
 130:Generated_Source\PSoC6\pdl\cmsis/include/cmsis_gcc.h **** {
 131:Generated_Source\PSoC6\pdl\cmsis/include/cmsis_gcc.h ****   __ASM volatile ("cpsie i" : : : "memory");
  40              		.loc 2 131 0
  41              		.syntax divided
  42              	@ 131 "Generated_Source\PSoC6\pdl\cmsis/include/cmsis_gcc.h" 1
  43 0002 62B6     		cpsie i
  44              	@ 0 "" 2
  45              		.thumb
  46              		.syntax unified
  47              	.LBE5:
  48              	.LBE4:
  16:main_cm0p.c   ****     __enable_irq(); /* Enable global interrupts. */
  17:main_cm0p.c   ****     /* Enable CM4.  CY_CORTEX_M4_APPL_ADDR must be updated if CM4 memory layout is changed. */
  18:main_cm0p.c   ****     Cy_SysEnableCM4(CY_CORTEX_M4_APPL_ADDR); 
  49              		.loc 1 18 0
  50 0004 0348     		ldr	r0, .L3
  51 0006 FFF7FEFF 		bl	Cy_SysEnableCM4
  52              	.LVL0:
  53              	.L2:
  19:main_cm0p.c   **** 
  20:main_cm0p.c   ****     /* Place your initialization/startup code here (e.g. MyInst_Start()) */
  21:main_cm0p.c   **** 
  22:main_cm0p.c   ****     for(;;)
  23:main_cm0p.c   ****     {
  24:main_cm0p.c   ****         Cy_SysPm_DeepSleep(CY_SYSPM_WAIT_FOR_INTERRUPT);
  54              		.loc 1 24 0 discriminator 1
  55 000a 0020     		movs	r0, #0
  56 000c FFF7FEFF 		bl	Cy_SysPm_CpuEnterDeepSleep
  57              	.LVL1:
  58 0010 FBE7     		b	.L2
  59              	.L4:
  60 0012 C046     		.align	2
  61              	.L3:
  62 0014 00000810 		.word	268959744
  63              		.cfi_endproc
  64              	.LFE420:
  65              		.size	main, .-main
  66              		.text
  67              	.Letext0:
  68              		.file 3 "c:\\program files (x86)\\cypress\\psoc creator\\4.4\\psoc creator\\import\\gnu\\arm\\5.4.
  69              		.file 4 "c:\\program files (x86)\\cypress\\psoc creator\\4.4\\psoc creator\\import\\gnu\\arm\\5.4.
  70              		.file 5 "Generated_Source\\PSoC6\\pdl\\drivers/peripheral/device/cy_device.h"
  71              		.file 6 "Generated_Source\\PSoC6\\pdl\\drivers/peripheral/syspm/cy_syspm.h"
  72              		.file 7 "Generated_Source\\PSoC6\\pdl\\drivers/peripheral/scb/cy_scb_i2c.h"
  73              		.file 8 "Generated_Source\\PSoC6\\pdl\\drivers/peripheral/scb/cy_scb_uart.h"
ARM GAS  C:\Users\DWISET~1\AppData\Local\Temp\ccMNL877.s 			page 5


  74              		.file 9 "Generated_Source\\PSoC6/UART.h"
  75              		.file 10 "Generated_Source\\PSoC6/I2C.h"
  76              		.file 11 "./system_psoc6.h"
  77              		.section	.debug_info,"",%progbits
  78              	.Ldebug_info0:
  79 0000 38080000 		.4byte	0x838
  80 0004 0400     		.2byte	0x4
  81 0006 00000000 		.4byte	.Ldebug_abbrev0
  82 000a 04       		.byte	0x4
  83 000b 01       		.uleb128 0x1
  84 000c 8A070000 		.4byte	.LASF161
  85 0010 0C       		.byte	0xc
  86 0011 7A000000 		.4byte	.LASF162
  87 0015 A6040000 		.4byte	.LASF163
  88 0019 00000000 		.4byte	.Ldebug_ranges0+0
  89 001d 00000000 		.4byte	0
  90 0021 00000000 		.4byte	.Ldebug_line0
  91 0025 02       		.uleb128 0x2
  92 0026 02       		.byte	0x2
  93 0027 05       		.byte	0x5
  94 0028 E1060000 		.4byte	.LASF0
  95 002c 02       		.uleb128 0x2
  96 002d 01       		.byte	0x1
  97 002e 08       		.byte	0x8
  98 002f BF060000 		.4byte	.LASF1
  99 0033 02       		.uleb128 0x2
 100 0034 01       		.byte	0x1
 101 0035 06       		.byte	0x6
 102 0036 BA010000 		.4byte	.LASF2
 103 003a 03       		.uleb128 0x3
 104 003b 94000000 		.4byte	.LASF3
 105 003f 03       		.byte	0x3
 106 0040 1D       		.byte	0x1d
 107 0041 2C000000 		.4byte	0x2c
 108 0045 03       		.uleb128 0x3
 109 0046 44030000 		.4byte	.LASF4
 110 004a 03       		.byte	0x3
 111 004b 29       		.byte	0x29
 112 004c 25000000 		.4byte	0x25
 113 0050 03       		.uleb128 0x3
 114 0051 47080000 		.4byte	.LASF5
 115 0055 03       		.byte	0x3
 116 0056 2B       		.byte	0x2b
 117 0057 5B000000 		.4byte	0x5b
 118 005b 02       		.uleb128 0x2
 119 005c 02       		.byte	0x2
 120 005d 07       		.byte	0x7
 121 005e CC080000 		.4byte	.LASF6
 122 0062 02       		.uleb128 0x2
 123 0063 04       		.byte	0x4
 124 0064 05       		.byte	0x5
 125 0065 53020000 		.4byte	.LASF7
 126 0069 03       		.uleb128 0x3
 127 006a 0E030000 		.4byte	.LASF8
 128 006e 03       		.byte	0x3
 129 006f 41       		.byte	0x41
 130 0070 74000000 		.4byte	0x74
ARM GAS  C:\Users\DWISET~1\AppData\Local\Temp\ccMNL877.s 			page 6


 131 0074 02       		.uleb128 0x2
 132 0075 04       		.byte	0x4
 133 0076 07       		.byte	0x7
 134 0077 F3030000 		.4byte	.LASF9
 135 007b 02       		.uleb128 0x2
 136 007c 08       		.byte	0x8
 137 007d 05       		.byte	0x5
 138 007e AC010000 		.4byte	.LASF10
 139 0082 02       		.uleb128 0x2
 140 0083 08       		.byte	0x8
 141 0084 07       		.byte	0x7
 142 0085 FC000000 		.4byte	.LASF11
 143 0089 04       		.uleb128 0x4
 144 008a 04       		.byte	0x4
 145 008b 05       		.byte	0x5
 146 008c 696E7400 		.ascii	"int\000"
 147 0090 02       		.uleb128 0x2
 148 0091 04       		.byte	0x4
 149 0092 07       		.byte	0x7
 150 0093 96030000 		.4byte	.LASF12
 151 0097 03       		.uleb128 0x3
 152 0098 BF090000 		.4byte	.LASF13
 153 009c 04       		.byte	0x4
 154 009d 18       		.byte	0x18
 155 009e 3A000000 		.4byte	0x3a
 156 00a2 03       		.uleb128 0x3
 157 00a3 A4010000 		.4byte	.LASF14
 158 00a7 04       		.byte	0x4
 159 00a8 20       		.byte	0x20
 160 00a9 45000000 		.4byte	0x45
 161 00ad 03       		.uleb128 0x3
 162 00ae B4030000 		.4byte	.LASF15
 163 00b2 04       		.byte	0x4
 164 00b3 24       		.byte	0x24
 165 00b4 50000000 		.4byte	0x50
 166 00b8 03       		.uleb128 0x3
 167 00b9 68070000 		.4byte	.LASF16
 168 00bd 04       		.byte	0x4
 169 00be 30       		.byte	0x30
 170 00bf 69000000 		.4byte	0x69
 171 00c3 02       		.uleb128 0x2
 172 00c4 04       		.byte	0x4
 173 00c5 07       		.byte	0x7
 174 00c6 8F050000 		.4byte	.LASF17
 175 00ca 05       		.uleb128 0x5
 176 00cb B8000000 		.4byte	0xb8
 177 00cf 02       		.uleb128 0x2
 178 00d0 08       		.byte	0x8
 179 00d1 04       		.byte	0x4
 180 00d2 1C080000 		.4byte	.LASF18
 181 00d6 06       		.uleb128 0x6
 182 00d7 B8       		.byte	0xb8
 183 00d8 05       		.byte	0x5
 184 00d9 34       		.byte	0x34
 185 00da E7040000 		.4byte	0x4e7
 186 00de 07       		.uleb128 0x7
 187 00df E3000000 		.4byte	.LASF19
ARM GAS  C:\Users\DWISET~1\AppData\Local\Temp\ccMNL877.s 			page 7


 188 00e3 05       		.byte	0x5
 189 00e4 37       		.byte	0x37
 190 00e5 B8000000 		.4byte	0xb8
 191 00e9 00       		.byte	0
 192 00ea 07       		.uleb128 0x7
 193 00eb 03030000 		.4byte	.LASF20
 194 00ef 05       		.byte	0x5
 195 00f0 38       		.byte	0x38
 196 00f1 B8000000 		.4byte	0xb8
 197 00f5 04       		.byte	0x4
 198 00f6 07       		.uleb128 0x7
 199 00f7 85020000 		.4byte	.LASF21
 200 00fb 05       		.byte	0x5
 201 00fc 39       		.byte	0x39
 202 00fd B8000000 		.4byte	0xb8
 203 0101 08       		.byte	0x8
 204 0102 07       		.uleb128 0x7
 205 0103 A2060000 		.4byte	.LASF22
 206 0107 05       		.byte	0x5
 207 0108 3A       		.byte	0x3a
 208 0109 B8000000 		.4byte	0xb8
 209 010d 0C       		.byte	0xc
 210 010e 07       		.uleb128 0x7
 211 010f DB010000 		.4byte	.LASF23
 212 0113 05       		.byte	0x5
 213 0114 3B       		.byte	0x3b
 214 0115 B8000000 		.4byte	0xb8
 215 0119 10       		.byte	0x10
 216 011a 07       		.uleb128 0x7
 217 011b 25020000 		.4byte	.LASF24
 218 011f 05       		.byte	0x5
 219 0120 3C       		.byte	0x3c
 220 0121 B8000000 		.4byte	0xb8
 221 0125 14       		.byte	0x14
 222 0126 07       		.uleb128 0x7
 223 0127 3C040000 		.4byte	.LASF25
 224 012b 05       		.byte	0x5
 225 012c 3D       		.byte	0x3d
 226 012d B8000000 		.4byte	0xb8
 227 0131 18       		.byte	0x18
 228 0132 07       		.uleb128 0x7
 229 0133 71000000 		.4byte	.LASF26
 230 0137 05       		.byte	0x5
 231 0138 3E       		.byte	0x3e
 232 0139 B8000000 		.4byte	0xb8
 233 013d 1C       		.byte	0x1c
 234 013e 07       		.uleb128 0x7
 235 013f 280A0000 		.4byte	.LASF27
 236 0143 05       		.byte	0x5
 237 0144 3F       		.byte	0x3f
 238 0145 B8000000 		.4byte	0xb8
 239 0149 20       		.byte	0x20
 240 014a 07       		.uleb128 0x7
 241 014b 28060000 		.4byte	.LASF28
 242 014f 05       		.byte	0x5
 243 0150 40       		.byte	0x40
 244 0151 B8000000 		.4byte	0xb8
ARM GAS  C:\Users\DWISET~1\AppData\Local\Temp\ccMNL877.s 			page 8


 245 0155 24       		.byte	0x24
 246 0156 07       		.uleb128 0x7
 247 0157 61050000 		.4byte	.LASF29
 248 015b 05       		.byte	0x5
 249 015c 43       		.byte	0x43
 250 015d 97000000 		.4byte	0x97
 251 0161 28       		.byte	0x28
 252 0162 07       		.uleb128 0x7
 253 0163 57000000 		.4byte	.LASF30
 254 0167 05       		.byte	0x5
 255 0168 44       		.byte	0x44
 256 0169 97000000 		.4byte	0x97
 257 016d 29       		.byte	0x29
 258 016e 07       		.uleb128 0x7
 259 016f 1E0A0000 		.4byte	.LASF31
 260 0173 05       		.byte	0x5
 261 0174 45       		.byte	0x45
 262 0175 97000000 		.4byte	0x97
 263 0179 2A       		.byte	0x2a
 264 017a 07       		.uleb128 0x7
 265 017b 1A060000 		.4byte	.LASF32
 266 017f 05       		.byte	0x5
 267 0180 46       		.byte	0x46
 268 0181 97000000 		.4byte	0x97
 269 0185 2B       		.byte	0x2b
 270 0186 07       		.uleb128 0x7
 271 0187 F0040000 		.4byte	.LASF33
 272 018b 05       		.byte	0x5
 273 018c 47       		.byte	0x47
 274 018d 97000000 		.4byte	0x97
 275 0191 2C       		.byte	0x2c
 276 0192 07       		.uleb128 0x7
 277 0193 8A080000 		.4byte	.LASF34
 278 0197 05       		.byte	0x5
 279 0198 48       		.byte	0x48
 280 0199 97000000 		.4byte	0x97
 281 019d 2D       		.byte	0x2d
 282 019e 07       		.uleb128 0x7
 283 019f E4010000 		.4byte	.LASF35
 284 01a3 05       		.byte	0x5
 285 01a4 49       		.byte	0x49
 286 01a5 97000000 		.4byte	0x97
 287 01a9 2E       		.byte	0x2e
 288 01aa 07       		.uleb128 0x7
 289 01ab 6E050000 		.4byte	.LASF36
 290 01af 05       		.byte	0x5
 291 01b0 4A       		.byte	0x4a
 292 01b1 97000000 		.4byte	0x97
 293 01b5 2F       		.byte	0x2f
 294 01b6 07       		.uleb128 0x7
 295 01b7 2D080000 		.4byte	.LASF37
 296 01bb 05       		.byte	0x5
 297 01bc 4B       		.byte	0x4b
 298 01bd 97000000 		.4byte	0x97
 299 01c1 30       		.byte	0x30
 300 01c2 07       		.uleb128 0x7
 301 01c3 31040000 		.4byte	.LASF38
ARM GAS  C:\Users\DWISET~1\AppData\Local\Temp\ccMNL877.s 			page 9


 302 01c7 05       		.byte	0x5
 303 01c8 4E       		.byte	0x4e
 304 01c9 97000000 		.4byte	0x97
 305 01cd 31       		.byte	0x31
 306 01ce 07       		.uleb128 0x7
 307 01cf 86000000 		.4byte	.LASF39
 308 01d3 05       		.byte	0x5
 309 01d4 4F       		.byte	0x4f
 310 01d5 97000000 		.4byte	0x97
 311 01d9 32       		.byte	0x32
 312 01da 07       		.uleb128 0x7
 313 01db 8A030000 		.4byte	.LASF40
 314 01df 05       		.byte	0x5
 315 01e0 50       		.byte	0x50
 316 01e1 97000000 		.4byte	0x97
 317 01e5 33       		.byte	0x33
 318 01e6 07       		.uleb128 0x7
 319 01e7 BF050000 		.4byte	.LASF41
 320 01eb 05       		.byte	0x5
 321 01ec 51       		.byte	0x51
 322 01ed 97000000 		.4byte	0x97
 323 01f1 34       		.byte	0x34
 324 01f2 07       		.uleb128 0x7
 325 01f3 0E090000 		.4byte	.LASF42
 326 01f7 05       		.byte	0x5
 327 01f8 52       		.byte	0x52
 328 01f9 A2000000 		.4byte	0xa2
 329 01fd 36       		.byte	0x36
 330 01fe 07       		.uleb128 0x7
 331 01ff 9F020000 		.4byte	.LASF43
 332 0203 05       		.byte	0x5
 333 0204 53       		.byte	0x53
 334 0205 A2000000 		.4byte	0xa2
 335 0209 38       		.byte	0x38
 336 020a 07       		.uleb128 0x7
 337 020b A9080000 		.4byte	.LASF44
 338 020f 05       		.byte	0x5
 339 0210 54       		.byte	0x54
 340 0211 A2000000 		.4byte	0xa2
 341 0215 3A       		.byte	0x3a
 342 0216 07       		.uleb128 0x7
 343 0217 16020000 		.4byte	.LASF45
 344 021b 05       		.byte	0x5
 345 021c 55       		.byte	0x55
 346 021d 97000000 		.4byte	0x97
 347 0221 3C       		.byte	0x3c
 348 0222 07       		.uleb128 0x7
 349 0223 C6020000 		.4byte	.LASF46
 350 0227 05       		.byte	0x5
 351 0228 56       		.byte	0x56
 352 0229 97000000 		.4byte	0x97
 353 022d 3D       		.byte	0x3d
 354 022e 07       		.uleb128 0x7
 355 022f 74090000 		.4byte	.LASF47
 356 0233 05       		.byte	0x5
 357 0234 57       		.byte	0x57
 358 0235 97000000 		.4byte	0x97
ARM GAS  C:\Users\DWISET~1\AppData\Local\Temp\ccMNL877.s 			page 10


 359 0239 3E       		.byte	0x3e
 360 023a 07       		.uleb128 0x7
 361 023b 65000000 		.4byte	.LASF48
 362 023f 05       		.byte	0x5
 363 0240 58       		.byte	0x58
 364 0241 97000000 		.4byte	0x97
 365 0245 3F       		.byte	0x3f
 366 0246 07       		.uleb128 0x7
 367 0247 33060000 		.4byte	.LASF49
 368 024b 05       		.byte	0x5
 369 024c 59       		.byte	0x59
 370 024d 97000000 		.4byte	0x97
 371 0251 40       		.byte	0x40
 372 0252 07       		.uleb128 0x7
 373 0253 19030000 		.4byte	.LASF50
 374 0257 05       		.byte	0x5
 375 0258 5A       		.byte	0x5a
 376 0259 97000000 		.4byte	0x97
 377 025d 41       		.byte	0x41
 378 025e 07       		.uleb128 0x7
 379 025f 0C050000 		.4byte	.LASF51
 380 0263 05       		.byte	0x5
 381 0264 5B       		.byte	0x5b
 382 0265 97000000 		.4byte	0x97
 383 0269 42       		.byte	0x42
 384 026a 07       		.uleb128 0x7
 385 026b 06060000 		.4byte	.LASF52
 386 026f 05       		.byte	0x5
 387 0270 5C       		.byte	0x5c
 388 0271 97000000 		.4byte	0x97
 389 0275 43       		.byte	0x43
 390 0276 07       		.uleb128 0x7
 391 0277 8E020000 		.4byte	.LASF53
 392 027b 05       		.byte	0x5
 393 027c 5D       		.byte	0x5d
 394 027d 97000000 		.4byte	0x97
 395 0281 44       		.byte	0x44
 396 0282 07       		.uleb128 0x7
 397 0283 00000000 		.4byte	.LASF54
 398 0287 05       		.byte	0x5
 399 0288 5E       		.byte	0x5e
 400 0289 B8000000 		.4byte	0xb8
 401 028d 48       		.byte	0x48
 402 028e 07       		.uleb128 0x7
 403 028f 77020000 		.4byte	.LASF55
 404 0293 05       		.byte	0x5
 405 0294 5F       		.byte	0x5f
 406 0295 B8000000 		.4byte	0xb8
 407 0299 4C       		.byte	0x4c
 408 029a 07       		.uleb128 0x7
 409 029b 5E0A0000 		.4byte	.LASF56
 410 029f 05       		.byte	0x5
 411 02a0 60       		.byte	0x60
 412 02a1 97000000 		.4byte	0x97
 413 02a5 50       		.byte	0x50
 414 02a6 07       		.uleb128 0x7
 415 02a7 56010000 		.4byte	.LASF57
ARM GAS  C:\Users\DWISET~1\AppData\Local\Temp\ccMNL877.s 			page 11


 416 02ab 05       		.byte	0x5
 417 02ac 61       		.byte	0x61
 418 02ad 97000000 		.4byte	0x97
 419 02b1 51       		.byte	0x51
 420 02b2 07       		.uleb128 0x7
 421 02b3 AF090000 		.4byte	.LASF58
 422 02b7 05       		.byte	0x5
 423 02b8 62       		.byte	0x62
 424 02b9 97000000 		.4byte	0x97
 425 02bd 52       		.byte	0x52
 426 02be 07       		.uleb128 0x7
 427 02bf 97080000 		.4byte	.LASF59
 428 02c3 05       		.byte	0x5
 429 02c4 63       		.byte	0x63
 430 02c5 97000000 		.4byte	0x97
 431 02c9 53       		.byte	0x53
 432 02ca 07       		.uleb128 0x7
 433 02cb 58070000 		.4byte	.LASF60
 434 02cf 05       		.byte	0x5
 435 02d0 64       		.byte	0x64
 436 02d1 97000000 		.4byte	0x97
 437 02d5 54       		.byte	0x54
 438 02d6 07       		.uleb128 0x7
 439 02d7 90010000 		.4byte	.LASF61
 440 02db 05       		.byte	0x5
 441 02dc 65       		.byte	0x65
 442 02dd 97000000 		.4byte	0x97
 443 02e1 55       		.byte	0x55
 444 02e2 07       		.uleb128 0x7
 445 02e3 DF030000 		.4byte	.LASF62
 446 02e7 05       		.byte	0x5
 447 02e8 66       		.byte	0x66
 448 02e9 97000000 		.4byte	0x97
 449 02ed 56       		.byte	0x56
 450 02ee 07       		.uleb128 0x7
 451 02ef 45040000 		.4byte	.LASF63
 452 02f3 05       		.byte	0x5
 453 02f4 67       		.byte	0x67
 454 02f5 97000000 		.4byte	0x97
 455 02f9 57       		.byte	0x57
 456 02fa 07       		.uleb128 0x7
 457 02fb 1C000000 		.4byte	.LASF64
 458 02ff 05       		.byte	0x5
 459 0300 68       		.byte	0x68
 460 0301 97000000 		.4byte	0x97
 461 0305 58       		.byte	0x58
 462 0306 07       		.uleb128 0x7
 463 0307 CD060000 		.4byte	.LASF65
 464 030b 05       		.byte	0x5
 465 030c 69       		.byte	0x69
 466 030d 97000000 		.4byte	0x97
 467 0311 59       		.byte	0x59
 468 0312 07       		.uleb128 0x7
 469 0313 98050000 		.4byte	.LASF66
 470 0317 05       		.byte	0x5
 471 0318 6E       		.byte	0x6e
 472 0319 AD000000 		.4byte	0xad
ARM GAS  C:\Users\DWISET~1\AppData\Local\Temp\ccMNL877.s 			page 12


 473 031d 5A       		.byte	0x5a
 474 031e 07       		.uleb128 0x7
 475 031f DF080000 		.4byte	.LASF67
 476 0323 05       		.byte	0x5
 477 0324 6F       		.byte	0x6f
 478 0325 AD000000 		.4byte	0xad
 479 0329 5C       		.byte	0x5c
 480 032a 07       		.uleb128 0x7
 481 032b ED000000 		.4byte	.LASF68
 482 032f 05       		.byte	0x5
 483 0330 70       		.byte	0x70
 484 0331 97000000 		.4byte	0x97
 485 0335 5E       		.byte	0x5e
 486 0336 07       		.uleb128 0x7
 487 0337 7B060000 		.4byte	.LASF69
 488 033b 05       		.byte	0x5
 489 033c 71       		.byte	0x71
 490 033d 97000000 		.4byte	0x97
 491 0341 5F       		.byte	0x5f
 492 0342 07       		.uleb128 0x7
 493 0343 F5050000 		.4byte	.LASF70
 494 0347 05       		.byte	0x5
 495 0348 72       		.byte	0x72
 496 0349 97000000 		.4byte	0x97
 497 034d 60       		.byte	0x60
 498 034e 07       		.uleb128 0x7
 499 034f 54060000 		.4byte	.LASF71
 500 0353 05       		.byte	0x5
 501 0354 73       		.byte	0x73
 502 0355 B8000000 		.4byte	0xb8
 503 0359 64       		.byte	0x64
 504 035a 07       		.uleb128 0x7
 505 035b 13010000 		.4byte	.LASF72
 506 035f 05       		.byte	0x5
 507 0360 76       		.byte	0x76
 508 0361 AD000000 		.4byte	0xad
 509 0365 68       		.byte	0x68
 510 0366 07       		.uleb128 0x7
 511 0367 CD030000 		.4byte	.LASF73
 512 036b 05       		.byte	0x5
 513 036c 77       		.byte	0x77
 514 036d AD000000 		.4byte	0xad
 515 0371 6A       		.byte	0x6a
 516 0372 07       		.uleb128 0x7
 517 0373 63040000 		.4byte	.LASF74
 518 0377 05       		.byte	0x5
 519 0378 78       		.byte	0x78
 520 0379 AD000000 		.4byte	0xad
 521 037d 6C       		.byte	0x6c
 522 037e 07       		.uleb128 0x7
 523 037f 89040000 		.4byte	.LASF75
 524 0383 05       		.byte	0x5
 525 0384 79       		.byte	0x79
 526 0385 AD000000 		.4byte	0xad
 527 0389 6E       		.byte	0x6e
 528 038a 07       		.uleb128 0x7
 529 038b FC060000 		.4byte	.LASF76
ARM GAS  C:\Users\DWISET~1\AppData\Local\Temp\ccMNL877.s 			page 13


 530 038f 05       		.byte	0x5
 531 0390 7B       		.byte	0x7b
 532 0391 97000000 		.4byte	0x97
 533 0395 70       		.byte	0x70
 534 0396 07       		.uleb128 0x7
 535 0397 C6010000 		.4byte	.LASF77
 536 039b 05       		.byte	0x5
 537 039c 7C       		.byte	0x7c
 538 039d 97000000 		.4byte	0x97
 539 03a1 71       		.byte	0x71
 540 03a2 07       		.uleb128 0x7
 541 03a3 300A0000 		.4byte	.LASF78
 542 03a7 05       		.byte	0x5
 543 03a8 7D       		.byte	0x7d
 544 03a9 97000000 		.4byte	0x97
 545 03ad 72       		.byte	0x72
 546 03ae 07       		.uleb128 0x7
 547 03af D0050000 		.4byte	.LASF79
 548 03b3 05       		.byte	0x5
 549 03b4 7E       		.byte	0x7e
 550 03b5 97000000 		.4byte	0x97
 551 03b9 73       		.byte	0x73
 552 03ba 07       		.uleb128 0x7
 553 03bb D6020000 		.4byte	.LASF80
 554 03bf 05       		.byte	0x5
 555 03c0 80       		.byte	0x80
 556 03c1 AD000000 		.4byte	0xad
 557 03c5 74       		.byte	0x74
 558 03c6 07       		.uleb128 0x7
 559 03c7 52080000 		.4byte	.LASF81
 560 03cb 05       		.byte	0x5
 561 03cc 81       		.byte	0x81
 562 03cd AD000000 		.4byte	0xad
 563 03d1 76       		.byte	0x76
 564 03d2 07       		.uleb128 0x7
 565 03d3 B1020000 		.4byte	.LASF82
 566 03d7 05       		.byte	0x5
 567 03d8 82       		.byte	0x82
 568 03d9 AD000000 		.4byte	0xad
 569 03dd 78       		.byte	0x78
 570 03de 07       		.uleb128 0x7
 571 03df AA000000 		.4byte	.LASF83
 572 03e3 05       		.byte	0x5
 573 03e4 83       		.byte	0x83
 574 03e5 AD000000 		.4byte	0xad
 575 03e9 7A       		.byte	0x7a
 576 03ea 07       		.uleb128 0x7
 577 03eb DC090000 		.4byte	.LASF84
 578 03ef 05       		.byte	0x5
 579 03f0 86       		.byte	0x86
 580 03f1 97000000 		.4byte	0x97
 581 03f5 7C       		.byte	0x7c
 582 03f6 07       		.uleb128 0x7
 583 03f7 1B090000 		.4byte	.LASF85
 584 03fb 05       		.byte	0x5
 585 03fc 87       		.byte	0x87
 586 03fd 97000000 		.4byte	0x97
ARM GAS  C:\Users\DWISET~1\AppData\Local\Temp\ccMNL877.s 			page 14


 587 0401 7D       		.byte	0x7d
 588 0402 07       		.uleb128 0x7
 589 0403 30000000 		.4byte	.LASF86
 590 0407 05       		.byte	0x5
 591 0408 88       		.byte	0x88
 592 0409 97000000 		.4byte	0x97
 593 040d 7E       		.byte	0x7e
 594 040e 07       		.uleb128 0x7
 595 040f E8020000 		.4byte	.LASF87
 596 0413 05       		.byte	0x5
 597 0414 89       		.byte	0x89
 598 0415 97000000 		.4byte	0x97
 599 0419 7F       		.byte	0x7f
 600 041a 07       		.uleb128 0x7
 601 041b 76030000 		.4byte	.LASF88
 602 041f 05       		.byte	0x5
 603 0420 8A       		.byte	0x8a
 604 0421 97000000 		.4byte	0x97
 605 0425 80       		.byte	0x80
 606 0426 07       		.uleb128 0x7
 607 0427 4A050000 		.4byte	.LASF89
 608 042b 05       		.byte	0x5
 609 042c 8D       		.byte	0x8d
 610 042d B8000000 		.4byte	0xb8
 611 0431 84       		.byte	0x84
 612 0432 07       		.uleb128 0x7
 613 0433 BF000000 		.4byte	.LASF90
 614 0437 05       		.byte	0x5
 615 0438 8E       		.byte	0x8e
 616 0439 B8000000 		.4byte	0xb8
 617 043d 88       		.byte	0x88
 618 043e 07       		.uleb128 0x7
 619 043f C7090000 		.4byte	.LASF91
 620 0443 05       		.byte	0x5
 621 0444 8F       		.byte	0x8f
 622 0445 B8000000 		.4byte	0xb8
 623 0449 8C       		.byte	0x8c
 624 044a 07       		.uleb128 0x7
 625 044b 7A050000 		.4byte	.LASF92
 626 044f 05       		.byte	0x5
 627 0450 90       		.byte	0x90
 628 0451 B8000000 		.4byte	0xb8
 629 0455 90       		.byte	0x90
 630 0456 07       		.uleb128 0x7
 631 0457 57030000 		.4byte	.LASF93
 632 045b 05       		.byte	0x5
 633 045c 91       		.byte	0x91
 634 045d B8000000 		.4byte	0xb8
 635 0461 94       		.byte	0x94
 636 0462 07       		.uleb128 0x7
 637 0463 26050000 		.4byte	.LASF94
 638 0467 05       		.byte	0x5
 639 0468 92       		.byte	0x92
 640 0469 B8000000 		.4byte	0xb8
 641 046d 98       		.byte	0x98
 642 046e 07       		.uleb128 0x7
 643 046f FF090000 		.4byte	.LASF95
ARM GAS  C:\Users\DWISET~1\AppData\Local\Temp\ccMNL877.s 			page 15


 644 0473 05       		.byte	0x5
 645 0474 93       		.byte	0x93
 646 0475 B8000000 		.4byte	0xb8
 647 0479 9C       		.byte	0x9c
 648 047a 07       		.uleb128 0x7
 649 047b 2D010000 		.4byte	.LASF96
 650 047f 05       		.byte	0x5
 651 0480 94       		.byte	0x94
 652 0481 B8000000 		.4byte	0xb8
 653 0485 A0       		.byte	0xa0
 654 0486 07       		.uleb128 0x7
 655 0487 01020000 		.4byte	.LASF97
 656 048b 05       		.byte	0x5
 657 048c 95       		.byte	0x95
 658 048d AD000000 		.4byte	0xad
 659 0491 A4       		.byte	0xa4
 660 0492 07       		.uleb128 0x7
 661 0493 9A090000 		.4byte	.LASF98
 662 0497 05       		.byte	0x5
 663 0498 96       		.byte	0x96
 664 0499 AD000000 		.4byte	0xad
 665 049d A6       		.byte	0xa6
 666 049e 07       		.uleb128 0x7
 667 049f 6F060000 		.4byte	.LASF99
 668 04a3 05       		.byte	0x5
 669 04a4 97       		.byte	0x97
 670 04a5 AD000000 		.4byte	0xad
 671 04a9 A8       		.byte	0xa8
 672 04aa 07       		.uleb128 0x7
 673 04ab 39080000 		.4byte	.LASF100
 674 04af 05       		.byte	0x5
 675 04b0 98       		.byte	0x98
 676 04b1 AD000000 		.4byte	0xad
 677 04b5 AA       		.byte	0xaa
 678 04b6 07       		.uleb128 0x7
 679 04b7 72040000 		.4byte	.LASF101
 680 04bb 05       		.byte	0x5
 681 04bc 99       		.byte	0x99
 682 04bd AD000000 		.4byte	0xad
 683 04c1 AC       		.byte	0xac
 684 04c2 07       		.uleb128 0x7
 685 04c3 E7050000 		.4byte	.LASF102
 686 04c7 05       		.byte	0x5
 687 04c8 9A       		.byte	0x9a
 688 04c9 AD000000 		.4byte	0xad
 689 04cd AE       		.byte	0xae
 690 04ce 07       		.uleb128 0x7
 691 04cf 40060000 		.4byte	.LASF103
 692 04d3 05       		.byte	0x5
 693 04d4 9D       		.byte	0x9d
 694 04d5 AD000000 		.4byte	0xad
 695 04d9 B0       		.byte	0xb0
 696 04da 07       		.uleb128 0x7
 697 04db 43000000 		.4byte	.LASF104
 698 04df 05       		.byte	0x5
 699 04e0 9E       		.byte	0x9e
 700 04e1 B8000000 		.4byte	0xb8
ARM GAS  C:\Users\DWISET~1\AppData\Local\Temp\ccMNL877.s 			page 16


 701 04e5 B4       		.byte	0xb4
 702 04e6 00       		.byte	0
 703 04e7 03       		.uleb128 0x3
 704 04e8 FC040000 		.4byte	.LASF105
 705 04ec 05       		.byte	0x5
 706 04ed 9F       		.byte	0x9f
 707 04ee D6000000 		.4byte	0xd6
 708 04f2 02       		.uleb128 0x2
 709 04f3 01       		.byte	0x1
 710 04f4 08       		.byte	0x8
 711 04f5 28080000 		.4byte	.LASF106
 712 04f9 02       		.uleb128 0x2
 713 04fa 04       		.byte	0x4
 714 04fb 04       		.byte	0x4
 715 04fc 4E060000 		.4byte	.LASF107
 716 0500 02       		.uleb128 0x2
 717 0501 08       		.byte	0x8
 718 0502 04       		.byte	0x4
 719 0503 AA020000 		.4byte	.LASF108
 720 0507 08       		.uleb128 0x8
 721 0508 01       		.byte	0x1
 722 0509 2C000000 		.4byte	0x2c
 723 050d 06       		.byte	0x6
 724 050e 2305     		.2byte	0x523
 725 0510 21050000 		.4byte	0x521
 726 0514 09       		.uleb128 0x9
 727 0515 E8080000 		.4byte	.LASF109
 728 0519 00       		.byte	0
 729 051a 09       		.uleb128 0x9
 730 051b 65080000 		.4byte	.LASF110
 731 051f 01       		.byte	0x1
 732 0520 00       		.byte	0
 733 0521 0A       		.uleb128 0xa
 734 0522 04       		.byte	0x4
 735 0523 02       		.uleb128 0x2
 736 0524 01       		.byte	0x1
 737 0525 02       		.byte	0x2
 738 0526 B9060000 		.4byte	.LASF111
 739 052a 08       		.uleb128 0x8
 740 052b 01       		.byte	0x1
 741 052c 2C000000 		.4byte	0x2c
 742 0530 07       		.byte	0x7
 743 0531 2402     		.2byte	0x224
 744 0533 44050000 		.4byte	0x544
 745 0537 09       		.uleb128 0x9
 746 0538 AA060000 		.4byte	.LASF112
 747 053c 00       		.byte	0
 748 053d 09       		.uleb128 0x9
 749 053e 68020000 		.4byte	.LASF113
 750 0542 01       		.byte	0x1
 751 0543 00       		.byte	0
 752 0544 0B       		.uleb128 0xb
 753 0545 82090000 		.4byte	.LASF114
 754 0549 07       		.byte	0x7
 755 054a 2702     		.2byte	0x227
 756 054c 2A050000 		.4byte	0x52a
 757 0550 0B       		.uleb128 0xb
ARM GAS  C:\Users\DWISET~1\AppData\Local\Temp\ccMNL877.s 			page 17


 758 0551 35020000 		.4byte	.LASF115
 759 0555 07       		.byte	0x7
 760 0556 3902     		.2byte	0x239
 761 0558 5C050000 		.4byte	0x55c
 762 055c 0C       		.uleb128 0xc
 763 055d 04       		.byte	0x4
 764 055e 62050000 		.4byte	0x562
 765 0562 0D       		.uleb128 0xd
 766 0563 6D050000 		.4byte	0x56d
 767 0567 0E       		.uleb128 0xe
 768 0568 B8000000 		.4byte	0xb8
 769 056c 00       		.byte	0
 770 056d 0B       		.uleb128 0xb
 771 056e 1C070000 		.4byte	.LASF116
 772 0572 07       		.byte	0x7
 773 0573 4402     		.2byte	0x244
 774 0575 79050000 		.4byte	0x579
 775 0579 0C       		.uleb128 0xc
 776 057a 04       		.byte	0x4
 777 057b 7F050000 		.4byte	0x57f
 778 057f 0F       		.uleb128 0xf
 779 0580 44050000 		.4byte	0x544
 780 0584 8E050000 		.4byte	0x58e
 781 0588 0E       		.uleb128 0xe
 782 0589 B8000000 		.4byte	0xb8
 783 058d 00       		.byte	0
 784 058e 10       		.uleb128 0x10
 785 058f 79010000 		.4byte	.LASF140
 786 0593 4C       		.byte	0x4c
 787 0594 07       		.byte	0x7
 788 0595 C302     		.2byte	0x2c3
 789 0597 AD060000 		.4byte	0x6ad
 790 059b 11       		.uleb128 0x11
 791 059c 04090000 		.4byte	.LASF117
 792 05a0 07       		.byte	0x7
 793 05a1 C602     		.2byte	0x2c6
 794 05a3 23050000 		.4byte	0x523
 795 05a7 00       		.byte	0
 796 05a8 11       		.uleb128 0x11
 797 05a9 59040000 		.4byte	.LASF118
 798 05ad 07       		.byte	0x7
 799 05ae C702     		.2byte	0x2c7
 800 05b0 23050000 		.4byte	0x523
 801 05b4 01       		.byte	0x1
 802 05b5 11       		.uleb128 0x11
 803 05b6 2F020000 		.4byte	.LASF119
 804 05ba 07       		.byte	0x7
 805 05bb C902     		.2byte	0x2c9
 806 05bd CA000000 		.4byte	0xca
 807 05c1 04       		.byte	0x4
 808 05c2 11       		.uleb128 0x11
 809 05c3 43010000 		.4byte	.LASF120
 810 05c7 07       		.byte	0x7
 811 05c8 CB02     		.2byte	0x2cb
 812 05ca CA000000 		.4byte	0xca
 813 05ce 08       		.byte	0x8
 814 05cf 11       		.uleb128 0x11
ARM GAS  C:\Users\DWISET~1\AppData\Local\Temp\ccMNL877.s 			page 18


 815 05d0 10070000 		.4byte	.LASF121
 816 05d4 07       		.byte	0x7
 817 05d5 CC02     		.2byte	0x2cc
 818 05d7 23050000 		.4byte	0x523
 819 05db 0C       		.byte	0xc
 820 05dc 11       		.uleb128 0x11
 821 05dd 5C020000 		.4byte	.LASF122
 822 05e1 07       		.byte	0x7
 823 05e2 CD02     		.2byte	0x2cd
 824 05e4 23050000 		.4byte	0x523
 825 05e8 0D       		.byte	0xd
 826 05e9 11       		.uleb128 0x11
 827 05ea 7D080000 		.4byte	.LASF123
 828 05ee 07       		.byte	0x7
 829 05ef CF02     		.2byte	0x2cf
 830 05f1 AD060000 		.4byte	0x6ad
 831 05f5 10       		.byte	0x10
 832 05f6 11       		.uleb128 0x11
 833 05f7 EB060000 		.4byte	.LASF124
 834 05fb 07       		.byte	0x7
 835 05fc D002     		.2byte	0x2d0
 836 05fe B8000000 		.4byte	0xb8
 837 0602 14       		.byte	0x14
 838 0603 11       		.uleb128 0x11
 839 0604 AF050000 		.4byte	.LASF125
 840 0608 07       		.byte	0x7
 841 0609 D102     		.2byte	0x2d1
 842 060b CA000000 		.4byte	0xca
 843 060f 18       		.byte	0x18
 844 0610 11       		.uleb128 0x11
 845 0611 38070000 		.4byte	.LASF126
 846 0615 07       		.byte	0x7
 847 0616 D202     		.2byte	0x2d2
 848 0618 CA000000 		.4byte	0xca
 849 061c 1C       		.byte	0x1c
 850 061d 11       		.uleb128 0x11
 851 061e 9E000000 		.4byte	.LASF127
 852 0622 07       		.byte	0x7
 853 0623 D402     		.2byte	0x2d4
 854 0625 CA000000 		.4byte	0xca
 855 0629 20       		.byte	0x20
 856 062a 11       		.uleb128 0x11
 857 062b BD030000 		.4byte	.LASF128
 858 062f 07       		.byte	0x7
 859 0630 D502     		.2byte	0x2d5
 860 0632 B3060000 		.4byte	0x6b3
 861 0636 24       		.byte	0x24
 862 0637 11       		.uleb128 0x11
 863 0638 3A090000 		.4byte	.LASF129
 864 063c 07       		.byte	0x7
 865 063d D702     		.2byte	0x2d7
 866 063f AD060000 		.4byte	0x6ad
 867 0643 28       		.byte	0x28
 868 0644 11       		.uleb128 0x11
 869 0645 48090000 		.4byte	.LASF130
 870 0649 07       		.byte	0x7
 871 064a D802     		.2byte	0x2d8
ARM GAS  C:\Users\DWISET~1\AppData\Local\Temp\ccMNL877.s 			page 19


 872 064c B8000000 		.4byte	0xb8
 873 0650 2C       		.byte	0x2c
 874 0651 11       		.uleb128 0x11
 875 0652 A3030000 		.4byte	.LASF131
 876 0656 07       		.byte	0x7
 877 0657 D902     		.2byte	0x2d9
 878 0659 CA000000 		.4byte	0xca
 879 065d 30       		.byte	0x30
 880 065e 11       		.uleb128 0x11
 881 065f 47070000 		.4byte	.LASF132
 882 0663 07       		.byte	0x7
 883 0664 DA02     		.2byte	0x2da
 884 0666 CA000000 		.4byte	0xca
 885 066a 34       		.byte	0x34
 886 066b 11       		.uleb128 0x11
 887 066c 3C050000 		.4byte	.LASF133
 888 0670 07       		.byte	0x7
 889 0671 DC02     		.2byte	0x2dc
 890 0673 AD060000 		.4byte	0x6ad
 891 0677 38       		.byte	0x38
 892 0678 11       		.uleb128 0x11
 893 0679 EF010000 		.4byte	.LASF134
 894 067d 07       		.byte	0x7
 895 067e DD02     		.2byte	0x2dd
 896 0680 B8000000 		.4byte	0xb8
 897 0684 3C       		.byte	0x3c
 898 0685 11       		.uleb128 0x11
 899 0686 68010000 		.4byte	.LASF135
 900 068a 07       		.byte	0x7
 901 068b DE02     		.2byte	0x2de
 902 068d CA000000 		.4byte	0xca
 903 0691 40       		.byte	0x40
 904 0692 11       		.uleb128 0x11
 905 0693 80040000 		.4byte	.LASF136
 906 0697 07       		.byte	0x7
 907 0698 E402     		.2byte	0x2e4
 908 069a 50050000 		.4byte	0x550
 909 069e 44       		.byte	0x44
 910 069f 11       		.uleb128 0x11
 911 06a0 FC020000 		.4byte	.LASF137
 912 06a4 07       		.byte	0x7
 913 06a5 EB02     		.2byte	0x2eb
 914 06a7 6D050000 		.4byte	0x56d
 915 06ab 48       		.byte	0x48
 916 06ac 00       		.byte	0
 917 06ad 0C       		.uleb128 0xc
 918 06ae 04       		.byte	0x4
 919 06af 97000000 		.4byte	0x97
 920 06b3 05       		.uleb128 0x5
 921 06b4 23050000 		.4byte	0x523
 922 06b8 0B       		.uleb128 0xb
 923 06b9 71070000 		.4byte	.LASF138
 924 06bd 07       		.byte	0x7
 925 06be EE02     		.2byte	0x2ee
 926 06c0 8E050000 		.4byte	0x58e
 927 06c4 0B       		.uleb128 0xb
 928 06c5 05040000 		.4byte	.LASF139
ARM GAS  C:\Users\DWISET~1\AppData\Local\Temp\ccMNL877.s 			page 20


 929 06c9 08       		.byte	0x8
 930 06ca D901     		.2byte	0x1d9
 931 06cc 5C050000 		.4byte	0x55c
 932 06d0 10       		.uleb128 0x10
 933 06d1 460A0000 		.4byte	.LASF141
 934 06d5 38       		.byte	0x38
 935 06d6 08       		.byte	0x8
 936 06d7 7502     		.2byte	0x275
 937 06d9 94070000 		.4byte	0x794
 938 06dd 11       		.uleb128 0x11
 939 06de 150A0000 		.4byte	.LASF142
 940 06e2 08       		.byte	0x8
 941 06e3 7802     		.2byte	0x278
 942 06e5 CA000000 		.4byte	0xca
 943 06e9 00       		.byte	0
 944 06ea 11       		.uleb128 0x11
 945 06eb 11060000 		.4byte	.LASF143
 946 06ef 08       		.byte	0x8
 947 06f0 7902     		.2byte	0x279
 948 06f2 CA000000 		.4byte	0xca
 949 06f6 04       		.byte	0x4
 950 06f7 11       		.uleb128 0x11
 951 06f8 23010000 		.4byte	.LASF144
 952 06fc 08       		.byte	0x8
 953 06fd 7B02     		.2byte	0x27b
 954 06ff 21050000 		.4byte	0x521
 955 0703 08       		.byte	0x8
 956 0704 11       		.uleb128 0x11
 957 0705 BE080000 		.4byte	.LASF145
 958 0709 08       		.byte	0x8
 959 070a 7C02     		.2byte	0x27c
 960 070c B8000000 		.4byte	0xb8
 961 0710 0C       		.byte	0xc
 962 0711 11       		.uleb128 0x11
 963 0712 18050000 		.4byte	.LASF146
 964 0716 08       		.byte	0x8
 965 0717 7D02     		.2byte	0x27d
 966 0719 CA000000 		.4byte	0xca
 967 071d 10       		.byte	0x10
 968 071e 11       		.uleb128 0x11
 969 071f F1090000 		.4byte	.LASF147
 970 0723 08       		.byte	0x8
 971 0724 7E02     		.2byte	0x27e
 972 0726 CA000000 		.4byte	0xca
 973 072a 14       		.byte	0x14
 974 072b 11       		.uleb128 0x11
 975 072c 34090000 		.4byte	.LASF148
 976 0730 08       		.byte	0x8
 977 0731 8002     		.2byte	0x280
 978 0733 21050000 		.4byte	0x521
 979 0737 18       		.byte	0x18
 980 0738 11       		.uleb128 0x11
 981 0739 12000000 		.4byte	.LASF149
 982 073d 08       		.byte	0x8
 983 073e 8102     		.2byte	0x281
 984 0740 B8000000 		.4byte	0xb8
 985 0744 1C       		.byte	0x1c
ARM GAS  C:\Users\DWISET~1\AppData\Local\Temp\ccMNL877.s 			page 21


 986 0745 11       		.uleb128 0x11
 987 0746 4E030000 		.4byte	.LASF150
 988 074a 08       		.byte	0x8
 989 074b 8202     		.2byte	0x282
 990 074d CA000000 		.4byte	0xca
 991 0751 20       		.byte	0x20
 992 0752 11       		.uleb128 0x11
 993 0753 50010000 		.4byte	.LASF151
 994 0757 08       		.byte	0x8
 995 0758 8402     		.2byte	0x284
 996 075a 21050000 		.4byte	0x521
 997 075e 24       		.byte	0x24
 998 075f 11       		.uleb128 0x11
 999 0760 6C030000 		.4byte	.LASF152
 1000 0764 08       		.byte	0x8
 1001 0765 8502     		.2byte	0x285
 1002 0767 B8000000 		.4byte	0xb8
 1003 076b 28       		.byte	0x28
 1004 076c 11       		.uleb128 0x11
 1005 076d 91060000 		.4byte	.LASF153
 1006 0771 08       		.byte	0x8
 1007 0772 8602     		.2byte	0x286
 1008 0774 CA000000 		.4byte	0xca
 1009 0778 2C       		.byte	0x2c
 1010 0779 11       		.uleb128 0x11
 1011 077a 80040000 		.4byte	.LASF136
 1012 077e 08       		.byte	0x8
 1013 077f 8B02     		.2byte	0x28b
 1014 0781 C4060000 		.4byte	0x6c4
 1015 0785 30       		.byte	0x30
 1016 0786 11       		.uleb128 0x11
 1017 0787 2C090000 		.4byte	.LASF154
 1018 078b 08       		.byte	0x8
 1019 078c 8E02     		.2byte	0x28e
 1020 078e B8000000 		.4byte	0xb8
 1021 0792 34       		.byte	0x34
 1022 0793 00       		.byte	0
 1023 0794 0B       		.uleb128 0xb
 1024 0795 5A090000 		.4byte	.LASF155
 1025 0799 08       		.byte	0x8
 1026 079a 9102     		.2byte	0x291
 1027 079c D0060000 		.4byte	0x6d0
 1028 07a0 12       		.uleb128 0x12
 1029 07a1 D6000000 		.4byte	.LASF164
 1030 07a5 02       		.byte	0x2
 1031 07a6 81       		.byte	0x81
 1032 07a7 03       		.byte	0x3
 1033 07a8 13       		.uleb128 0x13
 1034 07a9 D1020000 		.4byte	.LASF165
 1035 07ad 01       		.byte	0x1
 1036 07ae 0E       		.byte	0xe
 1037 07af 89000000 		.4byte	0x89
 1038 07b3 00000000 		.4byte	.LFB420
 1039 07b7 18000000 		.4byte	.LFE420-.LFB420
 1040 07bb 01       		.uleb128 0x1
 1041 07bc 9C       		.byte	0x9c
 1042 07bd F7070000 		.4byte	0x7f7
ARM GAS  C:\Users\DWISET~1\AppData\Local\Temp\ccMNL877.s 			page 22


 1043 07c1 14       		.uleb128 0x14
 1044 07c2 A0070000 		.4byte	0x7a0
 1045 07c6 02000000 		.4byte	.LBB4
 1046 07ca 02000000 		.4byte	.LBE4-.LBB4
 1047 07ce 01       		.byte	0x1
 1048 07cf 10       		.byte	0x10
 1049 07d0 15       		.uleb128 0x15
 1050 07d1 0A000000 		.4byte	.LVL0
 1051 07d5 23080000 		.4byte	0x823
 1052 07d9 E7070000 		.4byte	0x7e7
 1053 07dd 16       		.uleb128 0x16
 1054 07de 01       		.uleb128 0x1
 1055 07df 50       		.byte	0x50
 1056 07e0 05       		.uleb128 0x5
 1057 07e1 0C       		.byte	0xc
 1058 07e2 00000810 		.4byte	0x10080000
 1059 07e6 00       		.byte	0
 1060 07e7 17       		.uleb128 0x17
 1061 07e8 10000000 		.4byte	.LVL1
 1062 07ec 2F080000 		.4byte	0x82f
 1063 07f0 16       		.uleb128 0x16
 1064 07f1 01       		.uleb128 0x1
 1065 07f2 50       		.byte	0x50
 1066 07f3 01       		.uleb128 0x1
 1067 07f4 30       		.byte	0x30
 1068 07f5 00       		.byte	0
 1069 07f6 00       		.byte	0
 1070 07f7 18       		.uleb128 0x18
 1071 07f8 65060000 		.4byte	.LASF156
 1072 07fc 05       		.byte	0x5
 1073 07fd A7       		.byte	0xa7
 1074 07fe 02080000 		.4byte	0x802
 1075 0802 0C       		.uleb128 0xc
 1076 0803 04       		.byte	0x4
 1077 0804 08080000 		.4byte	0x808
 1078 0808 19       		.uleb128 0x19
 1079 0809 E7040000 		.4byte	0x4e7
 1080 080d 18       		.uleb128 0x18
 1081 080e 24040000 		.4byte	.LASF157
 1082 0812 09       		.byte	0x9
 1083 0813 87       		.byte	0x87
 1084 0814 94070000 		.4byte	0x794
 1085 0818 18       		.uleb128 0x18
 1086 0819 A3050000 		.4byte	.LASF158
 1087 081d 0A       		.byte	0xa
 1088 081e 7F       		.byte	0x7f
 1089 081f B8060000 		.4byte	0x6b8
 1090 0823 1A       		.uleb128 0x1a
 1091 0824 96040000 		.4byte	.LASF159
 1092 0828 96040000 		.4byte	.LASF159
 1093 082c 0B       		.byte	0xb
 1094 082d 2502     		.2byte	0x225
 1095 082f 1A       		.uleb128 0x1a
 1096 0830 29030000 		.4byte	.LASF160
 1097 0834 29030000 		.4byte	.LASF160
 1098 0838 06       		.byte	0x6
 1099 0839 4806     		.2byte	0x648
ARM GAS  C:\Users\DWISET~1\AppData\Local\Temp\ccMNL877.s 			page 23


 1100 083b 00       		.byte	0
 1101              		.section	.debug_abbrev,"",%progbits
 1102              	.Ldebug_abbrev0:
 1103 0000 01       		.uleb128 0x1
 1104 0001 11       		.uleb128 0x11
 1105 0002 01       		.byte	0x1
 1106 0003 25       		.uleb128 0x25
 1107 0004 0E       		.uleb128 0xe
 1108 0005 13       		.uleb128 0x13
 1109 0006 0B       		.uleb128 0xb
 1110 0007 03       		.uleb128 0x3
 1111 0008 0E       		.uleb128 0xe
 1112 0009 1B       		.uleb128 0x1b
 1113 000a 0E       		.uleb128 0xe
 1114 000b 55       		.uleb128 0x55
 1115 000c 17       		.uleb128 0x17
 1116 000d 11       		.uleb128 0x11
 1117 000e 01       		.uleb128 0x1
 1118 000f 10       		.uleb128 0x10
 1119 0010 17       		.uleb128 0x17
 1120 0011 00       		.byte	0
 1121 0012 00       		.byte	0
 1122 0013 02       		.uleb128 0x2
 1123 0014 24       		.uleb128 0x24
 1124 0015 00       		.byte	0
 1125 0016 0B       		.uleb128 0xb
 1126 0017 0B       		.uleb128 0xb
 1127 0018 3E       		.uleb128 0x3e
 1128 0019 0B       		.uleb128 0xb
 1129 001a 03       		.uleb128 0x3
 1130 001b 0E       		.uleb128 0xe
 1131 001c 00       		.byte	0
 1132 001d 00       		.byte	0
 1133 001e 03       		.uleb128 0x3
 1134 001f 16       		.uleb128 0x16
 1135 0020 00       		.byte	0
 1136 0021 03       		.uleb128 0x3
 1137 0022 0E       		.uleb128 0xe
 1138 0023 3A       		.uleb128 0x3a
 1139 0024 0B       		.uleb128 0xb
 1140 0025 3B       		.uleb128 0x3b
 1141 0026 0B       		.uleb128 0xb
 1142 0027 49       		.uleb128 0x49
 1143 0028 13       		.uleb128 0x13
 1144 0029 00       		.byte	0
 1145 002a 00       		.byte	0
 1146 002b 04       		.uleb128 0x4
 1147 002c 24       		.uleb128 0x24
 1148 002d 00       		.byte	0
 1149 002e 0B       		.uleb128 0xb
 1150 002f 0B       		.uleb128 0xb
 1151 0030 3E       		.uleb128 0x3e
 1152 0031 0B       		.uleb128 0xb
 1153 0032 03       		.uleb128 0x3
 1154 0033 08       		.uleb128 0x8
 1155 0034 00       		.byte	0
 1156 0035 00       		.byte	0
ARM GAS  C:\Users\DWISET~1\AppData\Local\Temp\ccMNL877.s 			page 24


 1157 0036 05       		.uleb128 0x5
 1158 0037 35       		.uleb128 0x35
 1159 0038 00       		.byte	0
 1160 0039 49       		.uleb128 0x49
 1161 003a 13       		.uleb128 0x13
 1162 003b 00       		.byte	0
 1163 003c 00       		.byte	0
 1164 003d 06       		.uleb128 0x6
 1165 003e 13       		.uleb128 0x13
 1166 003f 01       		.byte	0x1
 1167 0040 0B       		.uleb128 0xb
 1168 0041 0B       		.uleb128 0xb
 1169 0042 3A       		.uleb128 0x3a
 1170 0043 0B       		.uleb128 0xb
 1171 0044 3B       		.uleb128 0x3b
 1172 0045 0B       		.uleb128 0xb
 1173 0046 01       		.uleb128 0x1
 1174 0047 13       		.uleb128 0x13
 1175 0048 00       		.byte	0
 1176 0049 00       		.byte	0
 1177 004a 07       		.uleb128 0x7
 1178 004b 0D       		.uleb128 0xd
 1179 004c 00       		.byte	0
 1180 004d 03       		.uleb128 0x3
 1181 004e 0E       		.uleb128 0xe
 1182 004f 3A       		.uleb128 0x3a
 1183 0050 0B       		.uleb128 0xb
 1184 0051 3B       		.uleb128 0x3b
 1185 0052 0B       		.uleb128 0xb
 1186 0053 49       		.uleb128 0x49
 1187 0054 13       		.uleb128 0x13
 1188 0055 38       		.uleb128 0x38
 1189 0056 0B       		.uleb128 0xb
 1190 0057 00       		.byte	0
 1191 0058 00       		.byte	0
 1192 0059 08       		.uleb128 0x8
 1193 005a 04       		.uleb128 0x4
 1194 005b 01       		.byte	0x1
 1195 005c 0B       		.uleb128 0xb
 1196 005d 0B       		.uleb128 0xb
 1197 005e 49       		.uleb128 0x49
 1198 005f 13       		.uleb128 0x13
 1199 0060 3A       		.uleb128 0x3a
 1200 0061 0B       		.uleb128 0xb
 1201 0062 3B       		.uleb128 0x3b
 1202 0063 05       		.uleb128 0x5
 1203 0064 01       		.uleb128 0x1
 1204 0065 13       		.uleb128 0x13
 1205 0066 00       		.byte	0
 1206 0067 00       		.byte	0
 1207 0068 09       		.uleb128 0x9
 1208 0069 28       		.uleb128 0x28
 1209 006a 00       		.byte	0
 1210 006b 03       		.uleb128 0x3
 1211 006c 0E       		.uleb128 0xe
 1212 006d 1C       		.uleb128 0x1c
 1213 006e 0B       		.uleb128 0xb
ARM GAS  C:\Users\DWISET~1\AppData\Local\Temp\ccMNL877.s 			page 25


 1214 006f 00       		.byte	0
 1215 0070 00       		.byte	0
 1216 0071 0A       		.uleb128 0xa
 1217 0072 0F       		.uleb128 0xf
 1218 0073 00       		.byte	0
 1219 0074 0B       		.uleb128 0xb
 1220 0075 0B       		.uleb128 0xb
 1221 0076 00       		.byte	0
 1222 0077 00       		.byte	0
 1223 0078 0B       		.uleb128 0xb
 1224 0079 16       		.uleb128 0x16
 1225 007a 00       		.byte	0
 1226 007b 03       		.uleb128 0x3
 1227 007c 0E       		.uleb128 0xe
 1228 007d 3A       		.uleb128 0x3a
 1229 007e 0B       		.uleb128 0xb
 1230 007f 3B       		.uleb128 0x3b
 1231 0080 05       		.uleb128 0x5
 1232 0081 49       		.uleb128 0x49
 1233 0082 13       		.uleb128 0x13
 1234 0083 00       		.byte	0
 1235 0084 00       		.byte	0
 1236 0085 0C       		.uleb128 0xc
 1237 0086 0F       		.uleb128 0xf
 1238 0087 00       		.byte	0
 1239 0088 0B       		.uleb128 0xb
 1240 0089 0B       		.uleb128 0xb
 1241 008a 49       		.uleb128 0x49
 1242 008b 13       		.uleb128 0x13
 1243 008c 00       		.byte	0
 1244 008d 00       		.byte	0
 1245 008e 0D       		.uleb128 0xd
 1246 008f 15       		.uleb128 0x15
 1247 0090 01       		.byte	0x1
 1248 0091 27       		.uleb128 0x27
 1249 0092 19       		.uleb128 0x19
 1250 0093 01       		.uleb128 0x1
 1251 0094 13       		.uleb128 0x13
 1252 0095 00       		.byte	0
 1253 0096 00       		.byte	0
 1254 0097 0E       		.uleb128 0xe
 1255 0098 05       		.uleb128 0x5
 1256 0099 00       		.byte	0
 1257 009a 49       		.uleb128 0x49
 1258 009b 13       		.uleb128 0x13
 1259 009c 00       		.byte	0
 1260 009d 00       		.byte	0
 1261 009e 0F       		.uleb128 0xf
 1262 009f 15       		.uleb128 0x15
 1263 00a0 01       		.byte	0x1
 1264 00a1 27       		.uleb128 0x27
 1265 00a2 19       		.uleb128 0x19
 1266 00a3 49       		.uleb128 0x49
 1267 00a4 13       		.uleb128 0x13
 1268 00a5 01       		.uleb128 0x1
 1269 00a6 13       		.uleb128 0x13
 1270 00a7 00       		.byte	0
ARM GAS  C:\Users\DWISET~1\AppData\Local\Temp\ccMNL877.s 			page 26


 1271 00a8 00       		.byte	0
 1272 00a9 10       		.uleb128 0x10
 1273 00aa 13       		.uleb128 0x13
 1274 00ab 01       		.byte	0x1
 1275 00ac 03       		.uleb128 0x3
 1276 00ad 0E       		.uleb128 0xe
 1277 00ae 0B       		.uleb128 0xb
 1278 00af 0B       		.uleb128 0xb
 1279 00b0 3A       		.uleb128 0x3a
 1280 00b1 0B       		.uleb128 0xb
 1281 00b2 3B       		.uleb128 0x3b
 1282 00b3 05       		.uleb128 0x5
 1283 00b4 01       		.uleb128 0x1
 1284 00b5 13       		.uleb128 0x13
 1285 00b6 00       		.byte	0
 1286 00b7 00       		.byte	0
 1287 00b8 11       		.uleb128 0x11
 1288 00b9 0D       		.uleb128 0xd
 1289 00ba 00       		.byte	0
 1290 00bb 03       		.uleb128 0x3
 1291 00bc 0E       		.uleb128 0xe
 1292 00bd 3A       		.uleb128 0x3a
 1293 00be 0B       		.uleb128 0xb
 1294 00bf 3B       		.uleb128 0x3b
 1295 00c0 05       		.uleb128 0x5
 1296 00c1 49       		.uleb128 0x49
 1297 00c2 13       		.uleb128 0x13
 1298 00c3 38       		.uleb128 0x38
 1299 00c4 0B       		.uleb128 0xb
 1300 00c5 00       		.byte	0
 1301 00c6 00       		.byte	0
 1302 00c7 12       		.uleb128 0x12
 1303 00c8 2E       		.uleb128 0x2e
 1304 00c9 00       		.byte	0
 1305 00ca 03       		.uleb128 0x3
 1306 00cb 0E       		.uleb128 0xe
 1307 00cc 3A       		.uleb128 0x3a
 1308 00cd 0B       		.uleb128 0xb
 1309 00ce 3B       		.uleb128 0x3b
 1310 00cf 0B       		.uleb128 0xb
 1311 00d0 27       		.uleb128 0x27
 1312 00d1 19       		.uleb128 0x19
 1313 00d2 20       		.uleb128 0x20
 1314 00d3 0B       		.uleb128 0xb
 1315 00d4 00       		.byte	0
 1316 00d5 00       		.byte	0
 1317 00d6 13       		.uleb128 0x13
 1318 00d7 2E       		.uleb128 0x2e
 1319 00d8 01       		.byte	0x1
 1320 00d9 3F       		.uleb128 0x3f
 1321 00da 19       		.uleb128 0x19
 1322 00db 03       		.uleb128 0x3
 1323 00dc 0E       		.uleb128 0xe
 1324 00dd 3A       		.uleb128 0x3a
 1325 00de 0B       		.uleb128 0xb
 1326 00df 3B       		.uleb128 0x3b
 1327 00e0 0B       		.uleb128 0xb
ARM GAS  C:\Users\DWISET~1\AppData\Local\Temp\ccMNL877.s 			page 27


 1328 00e1 27       		.uleb128 0x27
 1329 00e2 19       		.uleb128 0x19
 1330 00e3 49       		.uleb128 0x49
 1331 00e4 13       		.uleb128 0x13
 1332 00e5 8701     		.uleb128 0x87
 1333 00e7 19       		.uleb128 0x19
 1334 00e8 11       		.uleb128 0x11
 1335 00e9 01       		.uleb128 0x1
 1336 00ea 12       		.uleb128 0x12
 1337 00eb 06       		.uleb128 0x6
 1338 00ec 40       		.uleb128 0x40
 1339 00ed 18       		.uleb128 0x18
 1340 00ee 9742     		.uleb128 0x2117
 1341 00f0 19       		.uleb128 0x19
 1342 00f1 01       		.uleb128 0x1
 1343 00f2 13       		.uleb128 0x13
 1344 00f3 00       		.byte	0
 1345 00f4 00       		.byte	0
 1346 00f5 14       		.uleb128 0x14
 1347 00f6 1D       		.uleb128 0x1d
 1348 00f7 00       		.byte	0
 1349 00f8 31       		.uleb128 0x31
 1350 00f9 13       		.uleb128 0x13
 1351 00fa 11       		.uleb128 0x11
 1352 00fb 01       		.uleb128 0x1
 1353 00fc 12       		.uleb128 0x12
 1354 00fd 06       		.uleb128 0x6
 1355 00fe 58       		.uleb128 0x58
 1356 00ff 0B       		.uleb128 0xb
 1357 0100 59       		.uleb128 0x59
 1358 0101 0B       		.uleb128 0xb
 1359 0102 00       		.byte	0
 1360 0103 00       		.byte	0
 1361 0104 15       		.uleb128 0x15
 1362 0105 898201   		.uleb128 0x4109
 1363 0108 01       		.byte	0x1
 1364 0109 11       		.uleb128 0x11
 1365 010a 01       		.uleb128 0x1
 1366 010b 31       		.uleb128 0x31
 1367 010c 13       		.uleb128 0x13
 1368 010d 01       		.uleb128 0x1
 1369 010e 13       		.uleb128 0x13
 1370 010f 00       		.byte	0
 1371 0110 00       		.byte	0
 1372 0111 16       		.uleb128 0x16
 1373 0112 8A8201   		.uleb128 0x410a
 1374 0115 00       		.byte	0
 1375 0116 02       		.uleb128 0x2
 1376 0117 18       		.uleb128 0x18
 1377 0118 9142     		.uleb128 0x2111
 1378 011a 18       		.uleb128 0x18
 1379 011b 00       		.byte	0
 1380 011c 00       		.byte	0
 1381 011d 17       		.uleb128 0x17
 1382 011e 898201   		.uleb128 0x4109
 1383 0121 01       		.byte	0x1
 1384 0122 11       		.uleb128 0x11
ARM GAS  C:\Users\DWISET~1\AppData\Local\Temp\ccMNL877.s 			page 28


 1385 0123 01       		.uleb128 0x1
 1386 0124 31       		.uleb128 0x31
 1387 0125 13       		.uleb128 0x13
 1388 0126 00       		.byte	0
 1389 0127 00       		.byte	0
 1390 0128 18       		.uleb128 0x18
 1391 0129 34       		.uleb128 0x34
 1392 012a 00       		.byte	0
 1393 012b 03       		.uleb128 0x3
 1394 012c 0E       		.uleb128 0xe
 1395 012d 3A       		.uleb128 0x3a
 1396 012e 0B       		.uleb128 0xb
 1397 012f 3B       		.uleb128 0x3b
 1398 0130 0B       		.uleb128 0xb
 1399 0131 49       		.uleb128 0x49
 1400 0132 13       		.uleb128 0x13
 1401 0133 3F       		.uleb128 0x3f
 1402 0134 19       		.uleb128 0x19
 1403 0135 3C       		.uleb128 0x3c
 1404 0136 19       		.uleb128 0x19
 1405 0137 00       		.byte	0
 1406 0138 00       		.byte	0
 1407 0139 19       		.uleb128 0x19
 1408 013a 26       		.uleb128 0x26
 1409 013b 00       		.byte	0
 1410 013c 49       		.uleb128 0x49
 1411 013d 13       		.uleb128 0x13
 1412 013e 00       		.byte	0
 1413 013f 00       		.byte	0
 1414 0140 1A       		.uleb128 0x1a
 1415 0141 2E       		.uleb128 0x2e
 1416 0142 00       		.byte	0
 1417 0143 3F       		.uleb128 0x3f
 1418 0144 19       		.uleb128 0x19
 1419 0145 3C       		.uleb128 0x3c
 1420 0146 19       		.uleb128 0x19
 1421 0147 6E       		.uleb128 0x6e
 1422 0148 0E       		.uleb128 0xe
 1423 0149 03       		.uleb128 0x3
 1424 014a 0E       		.uleb128 0xe
 1425 014b 3A       		.uleb128 0x3a
 1426 014c 0B       		.uleb128 0xb
 1427 014d 3B       		.uleb128 0x3b
 1428 014e 05       		.uleb128 0x5
 1429 014f 00       		.byte	0
 1430 0150 00       		.byte	0
 1431 0151 00       		.byte	0
 1432              		.section	.debug_aranges,"",%progbits
 1433 0000 1C000000 		.4byte	0x1c
 1434 0004 0200     		.2byte	0x2
 1435 0006 00000000 		.4byte	.Ldebug_info0
 1436 000a 04       		.byte	0x4
 1437 000b 00       		.byte	0
 1438 000c 0000     		.2byte	0
 1439 000e 0000     		.2byte	0
 1440 0010 00000000 		.4byte	.LFB420
 1441 0014 18000000 		.4byte	.LFE420-.LFB420
ARM GAS  C:\Users\DWISET~1\AppData\Local\Temp\ccMNL877.s 			page 29


 1442 0018 00000000 		.4byte	0
 1443 001c 00000000 		.4byte	0
 1444              		.section	.debug_ranges,"",%progbits
 1445              	.Ldebug_ranges0:
 1446 0000 00000000 		.4byte	.LFB420
 1447 0004 18000000 		.4byte	.LFE420
 1448 0008 00000000 		.4byte	0
 1449 000c 00000000 		.4byte	0
 1450              		.section	.debug_line,"",%progbits
 1451              	.Ldebug_line0:
 1452 0000 94020000 		.section	.debug_str,"MS",%progbits,1
 1452      02006E02 
 1452      00000201 
 1452      FB0E0D00 
 1452      01010101 
 1453              	.LASF54:
 1454 0000 70726F74 		.ascii	"protBusMasterMask\000"
 1454      4275734D 
 1454      61737465 
 1454      724D6173 
 1454      6B00
 1455              	.LASF149:
 1456 0012 72784275 		.ascii	"rxBufSize\000"
 1456      6653697A 
 1456      6500
 1457              	.LASF64:
 1458 001c 666C6173 		.ascii	"flashCtlMainWs3Freq\000"
 1458      6843746C 
 1458      4D61696E 
 1458      57733346 
 1458      72657100 
 1459              	.LASF86:
 1460 0030 6770696F 		.ascii	"gpioPrtCfgInOffset\000"
 1460      50727443 
 1460      6667496E 
 1460      4F666673 
 1460      657400
 1461              	.LASF104:
 1462 0043 6970634C 		.ascii	"ipcLockStatusOffset\000"
 1462      6F636B53 
 1462      74617475 
 1462      734F6666 
 1462      73657400 
 1463              	.LASF30:
 1464 0057 63727970 		.ascii	"cryptoVersion\000"
 1464      746F5665 
 1464      7273696F 
 1464      6E00
 1465              	.LASF48:
 1466 0065 70657269 		.ascii	"periClockNr\000"
 1466      436C6F63 
 1466      6B4E7200 
 1467              	.LASF26:
 1468 0071 70617373 		.ascii	"passBase\000"
 1468      42617365 
 1468      00
 1469              	.LASF162:
ARM GAS  C:\Users\DWISET~1\AppData\Local\Temp\ccMNL877.s 			page 30


 1470 007a 6D61696E 		.ascii	"main_cm0p.c\000"
 1470      5F636D30 
 1470      702E6300 
 1471              	.LASF39:
 1472 0086 63707573 		.ascii	"cpussIpcIrqNr\000"
 1472      73497063 
 1472      4972714E 
 1472      7200
 1473              	.LASF3:
 1474 0094 5F5F7569 		.ascii	"__uint8_t\000"
 1474      6E74385F 
 1474      7400
 1475              	.LASF127:
 1476 009e 736C6176 		.ascii	"slaveStatus\000"
 1476      65537461 
 1476      74757300 
 1477              	.LASF83:
 1478 00aa 70657269 		.ascii	"periDiv24_5CtlOffset\000"
 1478      44697632 
 1478      345F3543 
 1478      746C4F66 
 1478      66736574 
 1479              	.LASF90:
 1480 00bf 63707573 		.ascii	"cpussCm4ClockCtlOffset\000"
 1480      73436D34 
 1480      436C6F63 
 1480      6B43746C 
 1480      4F666673 
 1481              	.LASF164:
 1482 00d6 5F5F656E 		.ascii	"__enable_irq\000"
 1482      61626C65 
 1482      5F697271 
 1482      00
 1483              	.LASF19:
 1484 00e3 63707573 		.ascii	"cpussBase\000"
 1484      73426173 
 1484      6500
 1485              	.LASF68:
 1486 00ed 64774368 		.ascii	"dwChCtlPrioPos\000"
 1486      43746C50 
 1486      72696F50 
 1486      6F7300
 1487              	.LASF11:
 1488 00fc 6C6F6E67 		.ascii	"long long unsigned int\000"
 1488      206C6F6E 
 1488      6720756E 
 1488      7369676E 
 1488      65642069 
 1489              	.LASF72:
 1490 0113 70657269 		.ascii	"periTrCmdOffset\000"
 1490      5472436D 
 1490      644F6666 
 1490      73657400 
 1491              	.LASF144:
 1492 0123 72785269 		.ascii	"rxRingBuf\000"
 1492      6E674275 
 1492      6600
ARM GAS  C:\Users\DWISET~1\AppData\Local\Temp\ccMNL877.s 			page 31


 1493              	.LASF96:
 1494 012d 63707573 		.ascii	"cpussSysTickCtlOffset\000"
 1494      73537973 
 1494      5469636B 
 1494      43746C4F 
 1494      66667365 
 1495              	.LASF120:
 1496 0143 6D617374 		.ascii	"masterStatus\000"
 1496      65725374 
 1496      61747573 
 1496      00
 1497              	.LASF151:
 1498 0150 74784275 		.ascii	"txBuf\000"
 1498      6600
 1499              	.LASF57:
 1500 0156 666C6173 		.ascii	"flashPipeRequired\000"
 1500      68506970 
 1500      65526571 
 1500      75697265 
 1500      6400
 1501              	.LASF135:
 1502 0168 736C6176 		.ascii	"slaveRxBufferIdx\000"
 1502      65527842 
 1502      75666665 
 1502      72496478 
 1502      00
 1503              	.LASF140:
 1504 0179 63795F73 		.ascii	"cy_stc_scb_i2c_context\000"
 1504      74635F73 
 1504      63625F69 
 1504      32635F63 
 1504      6F6E7465 
 1505              	.LASF61:
 1506 0190 666C6173 		.ascii	"flashCtlMainWs0Freq\000"
 1506      6843746C 
 1506      4D61696E 
 1506      57733046 
 1506      72657100 
 1507              	.LASF14:
 1508 01a4 696E7431 		.ascii	"int16_t\000"
 1508      365F7400 
 1509              	.LASF10:
 1510 01ac 6C6F6E67 		.ascii	"long long int\000"
 1510      206C6F6E 
 1510      6720696E 
 1510      7400
 1511              	.LASF2:
 1512 01ba 7369676E 		.ascii	"signed char\000"
 1512      65642063 
 1512      68617200 
 1513              	.LASF77:
 1514 01c6 70657269 		.ascii	"periDivCmdTypeSelPos\000"
 1514      44697643 
 1514      6D645479 
 1514      70655365 
 1514      6C506F73 
 1515              	.LASF23:
ARM GAS  C:\Users\DWISET~1\AppData\Local\Temp\ccMNL877.s 			page 32


 1516 01db 70726F74 		.ascii	"protBase\000"
 1516      42617365 
 1516      00
 1517              	.LASF35:
 1518 01e4 69706356 		.ascii	"ipcVersion\000"
 1518      65727369 
 1518      6F6E00
 1519              	.LASF134:
 1520 01ef 736C6176 		.ascii	"slaveRxBufferSize\000"
 1520      65527842 
 1520      75666665 
 1520      7253697A 
 1520      6500
 1521              	.LASF97:
 1522 0201 63707573 		.ascii	"cpussCm0NmiCtlOffset\000"
 1522      73436D30 
 1522      4E6D6943 
 1522      746C4F66 
 1522      66736574 
 1523              	.LASF45:
 1524 0216 73727373 		.ascii	"srssNumClkpath\000"
 1524      4E756D43 
 1524      6C6B7061 
 1524      746800
 1525              	.LASF24:
 1526 0225 6873696F 		.ascii	"hsiomBase\000"
 1526      6D426173 
 1526      6500
 1527              	.LASF119:
 1528 022f 73746174 		.ascii	"state\000"
 1528      6500
 1529              	.LASF115:
 1530 0235 63795F63 		.ascii	"cy_cb_scb_i2c_handle_events_t\000"
 1530      625F7363 
 1530      625F6932 
 1530      635F6861 
 1530      6E646C65 
 1531              	.LASF7:
 1532 0253 6C6F6E67 		.ascii	"long int\000"
 1532      20696E74 
 1532      00
 1533              	.LASF122:
 1534 025c 6D617374 		.ascii	"masterRdDir\000"
 1534      65725264 
 1534      44697200 
 1535              	.LASF113:
 1536 0268 43595F53 		.ascii	"CY_SCB_I2C_NAK\000"
 1536      43425F49 
 1536      32435F4E 
 1536      414B00
 1537              	.LASF55:
 1538 0277 63727970 		.ascii	"cryptoMemSize\000"
 1538      746F4D65 
 1538      6D53697A 
 1538      6500
 1539              	.LASF21:
 1540 0285 70657269 		.ascii	"periBase\000"
ARM GAS  C:\Users\DWISET~1\AppData\Local\Temp\ccMNL877.s 			page 33


 1540      42617365 
 1540      00
 1541              	.LASF53:
 1542 028e 73797350 		.ascii	"sysPmSimoPresent\000"
 1542      6D53696D 
 1542      6F507265 
 1542      73656E74 
 1542      00
 1543              	.LASF43:
 1544 029f 63707573 		.ascii	"cpussFmIrq\000"
 1544      73466D49 
 1544      727100
 1545              	.LASF108:
 1546 02aa 646F7562 		.ascii	"double\000"
 1546      6C6500
 1547              	.LASF82:
 1548 02b1 70657269 		.ascii	"periDiv16_5CtlOffset\000"
 1548      44697631 
 1548      365F3543 
 1548      746C4F66 
 1548      66736574 
 1549              	.LASF46:
 1550 02c6 73727373 		.ascii	"srssNumPll\000"
 1550      4E756D50 
 1550      6C6C00
 1551              	.LASF165:
 1552 02d1 6D61696E 		.ascii	"main\000"
 1552      00
 1553              	.LASF80:
 1554 02d6 70657269 		.ascii	"periDiv8CtlOffset\000"
 1554      44697638 
 1554      43746C4F 
 1554      66667365 
 1554      7400
 1555              	.LASF87:
 1556 02e8 6770696F 		.ascii	"gpioPrtCfgOutOffset\000"
 1556      50727443 
 1556      66674F75 
 1556      744F6666 
 1556      73657400 
 1557              	.LASF137:
 1558 02fc 63624164 		.ascii	"cbAddr\000"
 1558      647200
 1559              	.LASF20:
 1560 0303 666C6173 		.ascii	"flashcBase\000"
 1560      68634261 
 1560      736500
 1561              	.LASF8:
 1562 030e 5F5F7569 		.ascii	"__uint32_t\000"
 1562      6E743332 
 1562      5F7400
 1563              	.LASF50:
 1564 0319 70617373 		.ascii	"passSarChannels\000"
 1564      53617243 
 1564      68616E6E 
 1564      656C7300 
 1565              	.LASF160:
ARM GAS  C:\Users\DWISET~1\AppData\Local\Temp\ccMNL877.s 			page 34


 1566 0329 43795F53 		.ascii	"Cy_SysPm_CpuEnterDeepSleep\000"
 1566      7973506D 
 1566      5F437075 
 1566      456E7465 
 1566      72446565 
 1567              	.LASF4:
 1568 0344 5F5F696E 		.ascii	"__int16_t\000"
 1568      7431365F 
 1568      7400
 1569              	.LASF150:
 1570 034e 72784275 		.ascii	"rxBufIdx\000"
 1570      66496478 
 1570      00
 1571              	.LASF93:
 1572 0357 63707573 		.ascii	"cpussCm4PwrCtlOffset\000"
 1572      73436D34 
 1572      50777243 
 1572      746C4F66 
 1572      66736574 
 1573              	.LASF152:
 1574 036c 74784275 		.ascii	"txBufSize\000"
 1574      6653697A 
 1574      6500
 1575              	.LASF88:
 1576 0376 6770696F 		.ascii	"gpioPrtCfgSioOffset\000"
 1576      50727443 
 1576      66675369 
 1576      6F4F6666 
 1576      73657400 
 1577              	.LASF40:
 1578 038a 63707573 		.ascii	"cpussDwChNr\000"
 1578      73447743 
 1578      684E7200 
 1579              	.LASF12:
 1580 0396 756E7369 		.ascii	"unsigned int\000"
 1580      676E6564 
 1580      20696E74 
 1580      00
 1581              	.LASF131:
 1582 03a3 736C6176 		.ascii	"slaveTxBufferIdx\000"
 1582      65547842 
 1582      75666665 
 1582      72496478 
 1582      00
 1583              	.LASF15:
 1584 03b4 75696E74 		.ascii	"uint16_t\000"
 1584      31365F74 
 1584      00
 1585              	.LASF128:
 1586 03bd 736C6176 		.ascii	"slaveRdBufEmpty\000"
 1586      65526442 
 1586      7566456D 
 1586      70747900 
 1587              	.LASF73:
 1588 03cd 70657269 		.ascii	"periTrCmdGrSelMsk\000"
 1588      5472436D 
 1588      64477253 
ARM GAS  C:\Users\DWISET~1\AppData\Local\Temp\ccMNL877.s 			page 35


 1588      656C4D73 
 1588      6B00
 1589              	.LASF62:
 1590 03df 666C6173 		.ascii	"flashCtlMainWs1Freq\000"
 1590      6843746C 
 1590      4D61696E 
 1590      57733146 
 1590      72657100 
 1591              	.LASF9:
 1592 03f3 6C6F6E67 		.ascii	"long unsigned int\000"
 1592      20756E73 
 1592      69676E65 
 1592      6420696E 
 1592      7400
 1593              	.LASF139:
 1594 0405 63795F63 		.ascii	"cy_cb_scb_uart_handle_events_t\000"
 1594      625F7363 
 1594      625F7561 
 1594      72745F68 
 1594      616E646C 
 1595              	.LASF157:
 1596 0424 55415254 		.ascii	"UART_context\000"
 1596      5F636F6E 
 1596      74657874 
 1596      00
 1597              	.LASF38:
 1598 0431 63707573 		.ascii	"cpussIpcNr\000"
 1598      73497063 
 1598      4E7200
 1599              	.LASF25:
 1600 043c 6770696F 		.ascii	"gpioBase\000"
 1600      42617365 
 1600      00
 1601              	.LASF63:
 1602 0445 666C6173 		.ascii	"flashCtlMainWs2Freq\000"
 1602      6843746C 
 1602      4D61696E 
 1602      57733246 
 1602      72657100 
 1603              	.LASF118:
 1604 0459 75736554 		.ascii	"useTxFifo\000"
 1604      78466966 
 1604      6F00
 1605              	.LASF74:
 1606 0463 70657269 		.ascii	"periTrGrOffset\000"
 1606      54724772 
 1606      4F666673 
 1606      657400
 1607              	.LASF101:
 1608 0472 63707573 		.ascii	"cpussRam1Ctl0\000"
 1608      7352616D 
 1608      3143746C 
 1608      3000
 1609              	.LASF136:
 1610 0480 63624576 		.ascii	"cbEvents\000"
 1610      656E7473 
 1610      00
ARM GAS  C:\Users\DWISET~1\AppData\Local\Temp\ccMNL877.s 			page 36


 1611              	.LASF75:
 1612 0489 70657269 		.ascii	"periTrGrSize\000"
 1612      54724772 
 1612      53697A65 
 1612      00
 1613              	.LASF159:
 1614 0496 43795F53 		.ascii	"Cy_SysEnableCM4\000"
 1614      7973456E 
 1614      61626C65 
 1614      434D3400 
 1615              	.LASF163:
 1616 04a6 433A5C55 		.ascii	"C:\\Users\\DwiSetyabudi\\Documents\\PSoC Creator\\U"
 1616      73657273 
 1616      5C447769 
 1616      53657479 
 1616      61627564 
 1617 04d4 7365725F 		.ascii	"ser_VDD\\VDD_set_ISSUE.cydsn\000"
 1617      5644445C 
 1617      5644445F 
 1617      7365745F 
 1617      49535355 
 1618              	.LASF33:
 1619 04f0 6770696F 		.ascii	"gpioVersion\000"
 1619      56657273 
 1619      696F6E00 
 1620              	.LASF105:
 1621 04fc 63795F73 		.ascii	"cy_stc_device_t\000"
 1621      74635F64 
 1621      65766963 
 1621      655F7400 
 1622              	.LASF51:
 1623 050c 65704D6F 		.ascii	"epMonitorNr\000"
 1623      6E69746F 
 1623      724E7200 
 1624              	.LASF146:
 1625 0518 72785269 		.ascii	"rxRingBufHead\000"
 1625      6E674275 
 1625      66486561 
 1625      6400
 1626              	.LASF94:
 1627 0526 63707573 		.ascii	"cpussTrimRamCtlOffset\000"
 1627      73547269 
 1627      6D52616D 
 1627      43746C4F 
 1627      66667365 
 1628              	.LASF133:
 1629 053c 736C6176 		.ascii	"slaveRxBuffer\000"
 1629      65527842 
 1629      75666665 
 1629      7200
 1630              	.LASF89:
 1631 054a 63707573 		.ascii	"cpussCm0ClockCtlOffset\000"
 1631      73436D30 
 1631      436C6F63 
 1631      6B43746C 
 1631      4F666673 
 1632              	.LASF29:
ARM GAS  C:\Users\DWISET~1\AppData\Local\Temp\ccMNL877.s 			page 37


 1633 0561 63707573 		.ascii	"cpussVersion\000"
 1633      73566572 
 1633      73696F6E 
 1633      00
 1634              	.LASF36:
 1635 056e 70657269 		.ascii	"periVersion\000"
 1635      56657273 
 1635      696F6E00 
 1636              	.LASF92:
 1637 057a 63707573 		.ascii	"cpussCm0StatusOffset\000"
 1637      73436D30 
 1637      53746174 
 1637      75734F66 
 1637      66736574 
 1638              	.LASF17:
 1639 058f 73697A65 		.ascii	"sizetype\000"
 1639      74797065 
 1639      00
 1640              	.LASF66:
 1641 0598 64774368 		.ascii	"dwChOffset\000"
 1641      4F666673 
 1641      657400
 1642              	.LASF158:
 1643 05a3 4932435F 		.ascii	"I2C_context\000"
 1643      636F6E74 
 1643      65787400 
 1644              	.LASF125:
 1645 05af 6D617374 		.ascii	"masterBufferIdx\000"
 1645      65724275 
 1645      66666572 
 1645      49647800 
 1646              	.LASF41:
 1647 05bf 63707573 		.ascii	"cpussFlashPaSize\000"
 1647      73466C61 
 1647      73685061 
 1647      53697A65 
 1647      00
 1648              	.LASF79:
 1649 05d0 70657269 		.ascii	"periDivCmdPaTypeSelPos\000"
 1649      44697643 
 1649      6D645061 
 1649      54797065 
 1649      53656C50 
 1650              	.LASF102:
 1651 05e7 63707573 		.ascii	"cpussRam2Ctl0\000"
 1651      7352616D 
 1651      3243746C 
 1651      3000
 1652              	.LASF70:
 1653 05f5 64775374 		.ascii	"dwStatusChIdxPos\000"
 1653      61747573 
 1653      43684964 
 1653      78506F73 
 1653      00
 1654              	.LASF52:
 1655 0606 75646250 		.ascii	"udbPresent\000"
 1655      72657365 
ARM GAS  C:\Users\DWISET~1\AppData\Local\Temp\ccMNL877.s 			page 38


 1655      6E7400
 1656              	.LASF143:
 1657 0611 72785374 		.ascii	"rxStatus\000"
 1657      61747573 
 1657      00
 1658              	.LASF32:
 1659 061a 666C6173 		.ascii	"flashcVersion\000"
 1659      68635665 
 1659      7273696F 
 1659      6E00
 1660              	.LASF28:
 1661 0628 63727970 		.ascii	"cryptoBase\000"
 1661      746F4261 
 1661      736500
 1662              	.LASF49:
 1663 0633 736D6966 		.ascii	"smifDeviceNr\000"
 1663      44657669 
 1663      63654E72 
 1663      00
 1664              	.LASF103:
 1665 0640 69706353 		.ascii	"ipcStructSize\000"
 1665      74727563 
 1665      7453697A 
 1665      6500
 1666              	.LASF107:
 1667 064e 666C6F61 		.ascii	"float\000"
 1667      7400
 1668              	.LASF71:
 1669 0654 64775374 		.ascii	"dwStatusChIdxMsk\000"
 1669      61747573 
 1669      43684964 
 1669      784D736B 
 1669      00
 1670              	.LASF156:
 1671 0665 63795F64 		.ascii	"cy_device\000"
 1671      65766963 
 1671      6500
 1672              	.LASF99:
 1673 066f 63707573 		.ascii	"cpussRomCtl\000"
 1673      73526F6D 
 1673      43746C00 
 1674              	.LASF69:
 1675 067b 64774368 		.ascii	"dwChCtlPreemptablePos\000"
 1675      43746C50 
 1675      7265656D 
 1675      70746162 
 1675      6C65506F 
 1676              	.LASF153:
 1677 0691 74784C65 		.ascii	"txLeftToTransmit\000"
 1677      6674546F 
 1677      5472616E 
 1677      736D6974 
 1677      00
 1678              	.LASF22:
 1679 06a2 75646242 		.ascii	"udbBase\000"
 1679      61736500 
 1680              	.LASF112:
ARM GAS  C:\Users\DWISET~1\AppData\Local\Temp\ccMNL877.s 			page 39


 1681 06aa 43595F53 		.ascii	"CY_SCB_I2C_ACK\000"
 1681      43425F49 
 1681      32435F41 
 1681      434B00
 1682              	.LASF111:
 1683 06b9 5F426F6F 		.ascii	"_Bool\000"
 1683      6C00
 1684              	.LASF1:
 1685 06bf 756E7369 		.ascii	"unsigned char\000"
 1685      676E6564 
 1685      20636861 
 1685      7200
 1686              	.LASF65:
 1687 06cd 666C6173 		.ascii	"flashCtlMainWs4Freq\000"
 1687      6843746C 
 1687      4D61696E 
 1687      57733446 
 1687      72657100 
 1688              	.LASF0:
 1689 06e1 73686F72 		.ascii	"short int\000"
 1689      7420696E 
 1689      7400
 1690              	.LASF124:
 1691 06eb 6D617374 		.ascii	"masterBufferSize\000"
 1691      65724275 
 1691      66666572 
 1691      53697A65 
 1691      00
 1692              	.LASF76:
 1693 06fc 70657269 		.ascii	"periDivCmdDivSelMsk\000"
 1693      44697643 
 1693      6D644469 
 1693      7653656C 
 1693      4D736B00 
 1694              	.LASF121:
 1695 0710 6D617374 		.ascii	"masterPause\000"
 1695      65725061 
 1695      75736500 
 1696              	.LASF116:
 1697 071c 63795F63 		.ascii	"cy_cb_scb_i2c_handle_addr_t\000"
 1697      625F7363 
 1697      625F6932 
 1697      635F6861 
 1697      6E646C65 
 1698              	.LASF126:
 1699 0738 6D617374 		.ascii	"masterNumBytes\000"
 1699      65724E75 
 1699      6D427974 
 1699      657300
 1700              	.LASF132:
 1701 0747 736C6176 		.ascii	"slaveTxBufferCnt\000"
 1701      65547842 
 1701      75666665 
 1701      72436E74 
 1701      00
 1702              	.LASF60:
 1703 0758 666C6173 		.ascii	"flashEraseDelay\000"
ARM GAS  C:\Users\DWISET~1\AppData\Local\Temp\ccMNL877.s 			page 40


 1703      68457261 
 1703      73654465 
 1703      6C617900 
 1704              	.LASF16:
 1705 0768 75696E74 		.ascii	"uint32_t\000"
 1705      33325F74 
 1705      00
 1706              	.LASF138:
 1707 0771 63795F73 		.ascii	"cy_stc_scb_i2c_context_t\000"
 1707      74635F73 
 1707      63625F69 
 1707      32635F63 
 1707      6F6E7465 
 1708              	.LASF161:
 1709 078a 474E5520 		.ascii	"GNU C11 5.4.1 20160609 (release) [ARM/embedded-5-br"
 1709      43313120 
 1709      352E342E 
 1709      31203230 
 1709      31363036 
 1710 07bd 616E6368 		.ascii	"anch revision 237715] -mcpu=cortex-m0plus -mthumb -"
 1710      20726576 
 1710      6973696F 
 1710      6E203233 
 1710      37373135 
 1711 07f0 67202D4F 		.ascii	"g -Og -ffunction-sections -ffat-lto-objects\000"
 1711      67202D66 
 1711      66756E63 
 1711      74696F6E 
 1711      2D736563 
 1712              	.LASF18:
 1713 081c 6C6F6E67 		.ascii	"long double\000"
 1713      20646F75 
 1713      626C6500 
 1714              	.LASF106:
 1715 0828 63686172 		.ascii	"char\000"
 1715      00
 1716              	.LASF37:
 1717 082d 70726F74 		.ascii	"protVersion\000"
 1717      56657273 
 1717      696F6E00 
 1718              	.LASF100:
 1719 0839 63707573 		.ascii	"cpussRam0Ctl0\000"
 1719      7352616D 
 1719      3043746C 
 1719      3000
 1720              	.LASF5:
 1721 0847 5F5F7569 		.ascii	"__uint16_t\000"
 1721      6E743136 
 1721      5F7400
 1722              	.LASF81:
 1723 0852 70657269 		.ascii	"periDiv16CtlOffset\000"
 1723      44697631 
 1723      3643746C 
 1723      4F666673 
 1723      657400
 1724              	.LASF110:
 1725 0865 43595F53 		.ascii	"CY_SYSPM_WAIT_FOR_EVENT\000"
ARM GAS  C:\Users\DWISET~1\AppData\Local\Temp\ccMNL877.s 			page 41


 1725      5953504D 
 1725      5F574149 
 1725      545F464F 
 1725      525F4556 
 1726              	.LASF123:
 1727 087d 6D617374 		.ascii	"masterBuffer\000"
 1727      65724275 
 1727      66666572 
 1727      00
 1728              	.LASF34:
 1729 088a 6873696F 		.ascii	"hsiomVersion\000"
 1729      6D566572 
 1729      73696F6E 
 1729      00
 1730              	.LASF59:
 1731 0897 666C6173 		.ascii	"flashProgramDelay\000"
 1731      6850726F 
 1731      6772616D 
 1731      44656C61 
 1731      7900
 1732              	.LASF44:
 1733 08a9 63707573 		.ascii	"cpussNotConnectedIrq\000"
 1733      734E6F74 
 1733      436F6E6E 
 1733      65637465 
 1733      64497271 
 1734              	.LASF145:
 1735 08be 72785269 		.ascii	"rxRingBufSize\000"
 1735      6E674275 
 1735      6653697A 
 1735      6500
 1736              	.LASF6:
 1737 08cc 73686F72 		.ascii	"short unsigned int\000"
 1737      7420756E 
 1737      7369676E 
 1737      65642069 
 1737      6E7400
 1738              	.LASF67:
 1739 08df 64774368 		.ascii	"dwChSize\000"
 1739      53697A65 
 1739      00
 1740              	.LASF109:
 1741 08e8 43595F53 		.ascii	"CY_SYSPM_WAIT_FOR_INTERRUPT\000"
 1741      5953504D 
 1741      5F574149 
 1741      545F464F 
 1741      525F494E 
 1742              	.LASF117:
 1743 0904 75736552 		.ascii	"useRxFifo\000"
 1743      78466966 
 1743      6F00
 1744              	.LASF42:
 1745 090e 63707573 		.ascii	"cpussIpc0Irq\000"
 1745      73497063 
 1745      30497271 
 1745      00
 1746              	.LASF85:
ARM GAS  C:\Users\DWISET~1\AppData\Local\Temp\ccMNL877.s 			page 42


 1747 091b 6770696F 		.ascii	"gpioPrtCfgOffset\000"
 1747      50727443 
 1747      66674F66 
 1747      66736574 
 1747      00
 1748              	.LASF154:
 1749 092c 696E6974 		.ascii	"initKey\000"
 1749      4B657900 
 1750              	.LASF148:
 1751 0934 72784275 		.ascii	"rxBuf\000"
 1751      6600
 1752              	.LASF129:
 1753 093a 736C6176 		.ascii	"slaveTxBuffer\000"
 1753      65547842 
 1753      75666665 
 1753      7200
 1754              	.LASF130:
 1755 0948 736C6176 		.ascii	"slaveTxBufferSize\000"
 1755      65547842 
 1755      75666665 
 1755      7253697A 
 1755      6500
 1756              	.LASF155:
 1757 095a 63795F73 		.ascii	"cy_stc_scb_uart_context_t\000"
 1757      74635F73 
 1757      63625F75 
 1757      6172745F 
 1757      636F6E74 
 1758              	.LASF47:
 1759 0974 73727373 		.ascii	"srssNumHfroot\000"
 1759      4E756D48 
 1759      66726F6F 
 1759      7400
 1760              	.LASF114:
 1761 0982 63795F65 		.ascii	"cy_en_scb_i2c_command_t\000"
 1761      6E5F7363 
 1761      625F6932 
 1761      635F636F 
 1761      6D6D616E 
 1762              	.LASF98:
 1763 099a 63707573 		.ascii	"cpussCm4NmiCtlOffset\000"
 1763      73436D34 
 1763      4E6D6943 
 1763      746C4F66 
 1763      66736574 
 1764              	.LASF58:
 1765 09af 666C6173 		.ascii	"flashWriteDelay\000"
 1765      68577269 
 1765      74654465 
 1765      6C617900 
 1766              	.LASF13:
 1767 09bf 75696E74 		.ascii	"uint8_t\000"
 1767      385F7400 
 1768              	.LASF91:
 1769 09c7 63707573 		.ascii	"cpussCm4StatusOffset\000"
 1769      73436D34 
 1769      53746174 
ARM GAS  C:\Users\DWISET~1\AppData\Local\Temp\ccMNL877.s 			page 43


 1769      75734F66 
 1769      66736574 
 1770              	.LASF84:
 1771 09dc 6770696F 		.ascii	"gpioPrtIntrCfgOffset\000"
 1771      50727449 
 1771      6E747243 
 1771      66674F66 
 1771      66736574 
 1772              	.LASF147:
 1773 09f1 72785269 		.ascii	"rxRingBufTail\000"
 1773      6E674275 
 1773      66546169 
 1773      6C00
 1774              	.LASF95:
 1775 09ff 63707573 		.ascii	"cpussTrimRomCtlOffset\000"
 1775      73547269 
 1775      6D526F6D 
 1775      43746C4F 
 1775      66667365 
 1776              	.LASF142:
 1777 0a15 74785374 		.ascii	"txStatus\000"
 1777      61747573 
 1777      00
 1778              	.LASF31:
 1779 0a1e 64775665 		.ascii	"dwVersion\000"
 1779      7273696F 
 1779      6E00
 1780              	.LASF27:
 1781 0a28 69706342 		.ascii	"ipcBase\000"
 1781      61736500 
 1782              	.LASF78:
 1783 0a30 70657269 		.ascii	"periDivCmdPaDivSelPos\000"
 1783      44697643 
 1783      6D645061 
 1783      44697653 
 1783      656C506F 
 1784              	.LASF141:
 1785 0a46 63795F73 		.ascii	"cy_stc_scb_uart_context\000"
 1785      74635F73 
 1785      63625F75 
 1785      6172745F 
 1785      636F6E74 
 1786              	.LASF56:
 1787 0a5e 666C6173 		.ascii	"flashRwwRequired\000"
 1787      68527777 
 1787      52657175 
 1787      69726564 
 1787      00
 1788              		.ident	"GCC: (GNU Tools for ARM Embedded Processors) 5.4.1 20160609 (release) [ARM/embedded-5-bran
