--------------- Build Started: 06/03/2023 17:36:56 Project: VDD_set_ISSUE, Configuration: ARM GCC 5.4-2016-q2-update Debug ---------------
The code generation step is up to date.
The compile step is up to date, no work needs to be done.
The link step is up to date, no work needs to be done.
arm-none-eabi-gcc.exe -mcpu=cortex-m4 -mfloat-abi=softfp -mfpu=fpv4-sp-d16 -mthumb -I. -IGenerated_Source\PSoC6 -IGenerated_Source\PSoC6\pdl\cmsis/include/ -IGenerated_Source\PSoC6\pdl\devices/psoc6/include/ -IGenerated_Source\PSoC6\pdl\devices/psoc6/include/ip/ -IGenerated_Source\PSoC6\pdl\drivers/peripheral/ -IGenerated_Source\PSoC6\pdl\drivers/peripheral/device/ -IGenerated_Source\PSoC6\pdl\drivers/peripheral/efuse/ -IGenerated_Source\PSoC6\pdl\drivers/peripheral/flash/ -IGenerated_Source\PSoC6\pdl\drivers/peripheral/gpio/ -IGenerated_Source\PSoC6\pdl\drivers/peripheral/ipc/ -IGenerated_Source\PSoC6\pdl\drivers/peripheral/lvd/ -IGenerated_Source\PSoC6\pdl\drivers/peripheral/profile/ -IGenerated_Source\PSoC6\pdl\drivers/peripheral/prot/ -IGenerated_Source\PSoC6\pdl\drivers/peripheral/scb/ -IGenerated_Source\PSoC6\pdl\drivers/peripheral/sysanalog/ -IGenerated_Source\PSoC6\pdl\drivers/peripheral/sysclk/ -IGenerated_Source\PSoC6\pdl\drivers/peripheral/sysint/ -IGenerated_Source\PSoC6\pdl\drivers/peripheral/syslib/ -IGenerated_Source\PSoC6\pdl\drivers/peripheral/syspm/ -IGenerated_Source\PSoC6\pdl\drivers/peripheral/systick/ -IGenerated_Source\PSoC6\pdl\drivers/peripheral/trigmux/ -IGenerated_Source\PSoC6\pdl\drivers/peripheral/wdt/ -IGenerated_Source\PSoC6\pdl\middleware/ -Wa,-alh=.\CortexM4\ARM_GCC_541\Debug/main_cm4.lst -g -D DEBUG -D CY_CORE_ID=0 -D CY_PSOC_CREATOR_USED=1 -D CYBLE_416045_02 -Wall -ffunction-sections -ffat-lto-objects -Og -c main_cm4.c -o .\CortexM4\ARM_GCC_541\Debug\main_cm4.o
main_cm4.c: In function 'main':
main_cm4.c:162:9: warning: implicit declaration of function 'sprintf' [-Wimplicit-function-declaration]
         sprintf(buf_txt,(const char*)("Sensor ID = 0x%x \r\n"), sensorID);
         ^
main_cm4.c:162:9: warning: incompatible implicit declaration of built-in function 'sprintf'
main_cm4.c:162:9: note: include '<stdio.h>' or provide a declaration of 'sprintf'
main_cm4.c:178:13: warning: incompatible implicit declaration of built-in function 'sprintf'
             sprintf(buf_txt,(const char*)("state : %d \t %d \t %d\r\n"), btn_state, pin_state,getTick());
             ^
main_cm4.c:178:13: note: include '<stdio.h>' or provide a declaration of 'sprintf'
main_cm4.c:178:42: warning: format '%d' expects argument of type 'int', but argument 5 has type 'uint32_t {aka long unsigned int}' [-Wformat=]
             sprintf(buf_txt,(const char*)("state : %d \t %d \t %d\r\n"), btn_state, pin_state,getTick());
                                          ^
main_cm4.c: In function 'bmp_read_bytes':
main_cm4.c:217:13: warning: unused variable 'buff' [-Wunused-variable]
     uint8_t buff=0;
             ^
main_cm4.c:216:28: warning: variable 'status' set but not used [-Wunused-but-set-variable]
     cy_en_scb_i2c_status_t status;
                            ^
main_cm4.c: In function 'bmp_read_byte':
main_cm4.c:233:13: warning: unused variable 'buff' [-Wunused-variable]
     uint8_t buff=0;
             ^
main_cm4.c:240:12: warning: 'status' may be used uninitialized in this function [-Wmaybe-uninitialized]
     status |= I2C_MasterSendStop(timeout);
            ^
arm-none-eabi-gcc.exe -Wl,--start-group -o "C:\Users\DwiSetyabudi\Documents\PSoC Creator\User_VDD\VDD_set_ISSUE.cydsn\CortexM4\ARM_GCC_541\Debug\VDD_set_ISSUE_link.elf" .\CortexM4\ARM_GCC_541\Debug\startup_psoc6_01_cm4.o .\CortexM4\ARM_GCC_541\Debug\main_cm4.o .\CortexM4\ARM_GCC_541\Debug\system_psoc6_cm4.o .\CortexM4\ARM_GCC_541\Debug\cyfitter_sysint_cfg.o .\CortexM4\ARM_GCC_541\Debug\cymetadata.o .\CortexM4\ARM_GCC_541\Debug\cy_efuse.o .\CortexM4\ARM_GCC_541\Debug\cy_flash.o .\CortexM4\ARM_GCC_541\Debug\cy_gpio.o .\CortexM4\ARM_GCC_541\Debug\cy_ipc_drv.o .\CortexM4\ARM_GCC_541\Debug\cy_ipc_sema.o .\CortexM4\ARM_GCC_541\Debug\cy_ipc_pipe.o .\CortexM4\ARM_GCC_541\Debug\cy_lvd.o .\CortexM4\ARM_GCC_541\Debug\cy_profile.o .\CortexM4\ARM_GCC_541\Debug\cy_prot.o .\CortexM4\ARM_GCC_541\Debug\cy_sysanalog.o .\CortexM4\ARM_GCC_541\Debug\cy_sysclk.o .\CortexM4\ARM_GCC_541\Debug\cy_sysint.o .\CortexM4\ARM_GCC_541\Debug\cy_syslib.o .\CortexM4\ARM_GCC_541\Debug\cy_syslib_gcc.o .\CortexM4\ARM_GCC_541\Debug\cy_syspm.o .\CortexM4\ARM_GCC_541\Debug\cy_systick.o .\CortexM4\ARM_GCC_541\Debug\cy_trigmux.o .\CortexM4\ARM_GCC_541\Debug\cy_wdt.o .\CortexM4\ARM_GCC_541\Debug\cy_device.o .\CortexM4\ARM_GCC_541\Debug\cy_scb_common.o .\CortexM4\ARM_GCC_541\Debug\cy_scb_i2c.o .\CortexM4\ARM_GCC_541\Debug\cy_scb_ezi2c.o .\CortexM4\ARM_GCC_541\Debug\cy_scb_spi.o .\CortexM4\ARM_GCC_541\Debug\cy_scb_uart.o .\CortexM4\ARM_GCC_541\Debug\cy_ble_clk.o .\CortexM4\ARM_GCC_541\Debug\UART.o .\CortexM4\ARM_GCC_541\Debug\I2C.o -mcpu=cortex-m4 -mfloat-abi=softfp -mfpu=fpv4-sp-d16 -mthumb -L Generated_Source\PSoC6 -Wl,-Map,.\CortexM4\ARM_GCC_541\Debug/VDD_set_ISSUE.map -T cy8c6xx7_cm4_dual.ld -specs=nano.specs -Wl,--gc-sections -g -ffunction-sections -Og -ffat-lto-objects -Wl,--end-group
"C:\Program Files (x86)\Cypress\PDL\3.1.6\tools\win\elf\cymcuelftool.exe" --sign "C:\Users\DwiSetyabudi\Documents\PSoC Creator\User_VDD\VDD_set_ISSUE.cydsn\CortexM4\ARM_GCC_541\Debug\VDD_set_ISSUE_link.elf" --output "C:\Users\DwiSetyabudi\Documents\PSoC Creator\User_VDD\VDD_set_ISSUE.cydsn\CortexM4\ARM_GCC_541\Debug\VDD_set_ISSUE_signed.elf" --hex "C:\Users\DwiSetyabudi\Documents\PSoC Creator\User_VDD\VDD_set_ISSUE.cydsn\CortexM4\ARM_GCC_541\Debug\VDD_set_ISSUE_signed.hex"
No ELF section .cychecksum found, creating one
Application checksum calculated and stored in ELF section .cychecksum
Checksum calculated and stored in ELF section .cymeta
"C:\Program Files (x86)\Cypress\PDL\3.1.6\tools\win\elf\cymcuelftool.exe" --merge "C:\Users\DwiSetyabudi\Documents\PSoC Creator\User_VDD\VDD_set_ISSUE.cydsn\CortexM4\ARM_GCC_541\Debug\VDD_set_ISSUE_signed.elf" "C:\Users\DwiSetyabudi\Documents\PSoC Creator\User_VDD\VDD_set_ISSUE.cydsn\CortexM0p\ARM_GCC_541\Debug\VDD_set_ISSUE.elf" --output "C:\Users\DwiSetyabudi\Documents\PSoC Creator\User_VDD\VDD_set_ISSUE.cydsn\CortexM4\ARM_GCC_541\Debug\VDD_set_ISSUE.elf" --hex "C:\Users\DwiSetyabudi\Documents\PSoC Creator\User_VDD\VDD_set_ISSUE.cydsn\CortexM4\ARM_GCC_541\Debug\VDD_set_ISSUE.hex"
Application checksum calculated and stored in ELF section .cychecksum
Checksum calculated and stored in ELF section .cymeta
"C:\Program Files (x86)\Cypress\PDL\3.1.6\tools\win\elf\cymcuelftool.exe" -A "C:\Users\DwiSetyabudi\Documents\PSoC Creator\User_VDD\VDD_set_ISSUE.cydsn\CortexM4\ARM_GCC_541\Debug\VDD_set_ISSUE.elf"
code:30664	sram:2444
--------------- Build Succeeded: 06/03/2023 17:36:59 ---------------
